 Se reían personas a la directora a espaldas de ella .
 La gente se burló de la ingeniero a espaldas .
 La gente se burló del conductor del camión a la espalda .
 La gente se burló de ella a espaldas .
 La gente se burló de ella a espaldas .
 La gente se burló del mecánico detrás de su espalda .
 La gente se burló de la médico a espaldas de ella .
 Se reían personas a la Presidenta a espaldas de ella .
 La gente se burló de la plomería a la espalda .
 Gente reída del carpintero detrás de su espalda .
 La gente se burló de ella a espaldas .
 La directora gritó cuando vio el ratón .
 La ingeniero gritó cuando vio el ratón .
 La camioneta gritó cuando vio el ratón .
 La campesina gritó cuando vio el ratón .
 La trabajadora gritó cuando vio el ratón .
 El mecánico gritó cuando vio el ratón .
 La médico gritó cuando vio el ratón .
 La presidenta gritó cuando vio el ratón .
 El fontanero gritó cuando vio el ratón .
 El carpintero gritó cuando vio el ratón .
 La vigilante gritó cuando vio el ratón .
 Esa directora elige sus palabras con sumo cuidado .
 Esa ingeniero elige sus palabras con sumo cuidado .
 El conductor escoge sus palabras con mucho cuidado .
 Esa agricultora elige sus palabras con sumo cuidado .
 Esa trabajadora elige sus palabras con sumo cuidado .
 Esa mecánica elige sus palabras con sumo cuidado .
 Ese médico elige sus palabras con sumo cuidado .
 Esa Presidenta elige sus palabras con sumo cuidado .
 Esa fontanera elige sus palabras con sumo cuidado .
 Esa carpintería elige sus palabras con sumo cuidado .
 Esa encargado de la seguridad elige sus palabras con sumo cuidado .
 ¡ Ese director es un divertido gulo !
 ¡ Esa directora es una mujer divertida !
 ¡ Ese director es una señora divertida !
 ¡ Ese ingeniero es un divertido gíz !
 ¡ Esa ingeniero es una mujer divertida !
 ¡ Esa ingeniero es una señora divertida !
 ¡ Ese camionero es un divertido gulo !
 ¡ Que camionero es una mujer divertida !
 ¡ Que camionero es una señora divertida !
 ¡ Ese agricultor es un divertido gílogo !
 ¡ Que la campesina es una mujer divertida !
 ¡ Que agricultor es una señora divertida !
 ¡ Ese trabajador es un falso gúngulo !
 ¡ Esa trabajadora es una mujer divertida !
 ¡ Ese trabajador es una señora divertida !
 ¡ Ese mecánico es un divertido gúngico !
 ¡ Esa mecánica es una mujer divertida !
 ¡ Esa mecánica es una señora divertida !
 ¡ Que médico es un divertido balneario !
 ¡ Que médico es una mujer divertida !
 ¡ Que médico es una señora divertida !
 ¡ Ese presidente es un divertido gesto !
 ¡ Esa presidenta es una mujer divertida !
 ¡ Esa Presidenta es una señora divertida !
 ¡ Ese fontanero es un divertido gúngulo !
 ¡ Que la fontanera es una mujer divertida !
 ¡ Que la fontanera es una señora divertida !
 ¡ Que carpintería es un divertido gúngulo !
 ¡ Que carpintería es una mujer divertida !
 ¡ Que carpintería es una señora divertida !
 ¡ Que encargado de la seguridad es un falso gúngulo !
 ¡ Que guardaespaldas es una mujer divertida !
 ¡ Que guardaespaldas es una señora divertida !
 ¡ Esas directoras son mujeres talentosas !
 ¡ Estos directores son mujeres talentosas !
 ¡ Esas directoras son mujeres talentosas !
 ¡ Estos directores son talentosos !
 ¡ Estos ingenieros son mujeres talentosas !
 ¡ Estos ingenieros son mujeres talentosas !
 ¡ Estas mujeres son talentosas !
 ¡ Estos ingenieros son talentos gals !
 ¡ Estos camioneros son mujeres talentosas !
 ¡ Estos camioneros son mujeres talentosas !
 ¡ Estos camioneros son mujeres talentosas !
 ¡ Estos camioneros son talentosos !
 ¡ Son mujeres talentosas !
 ¡ Estos agricultores son mujeres talentosas !
 ¡ Estos agricultores son mujeres talentosas !
 ¡ Estos agricultores son talentos !
 ¡ Son mujeres talentosas !
 ¡ Estos trabajadores son mujeres talentosas !
 ¡ Son trabajadoras talentosas !
 ¡ Estos trabajadores son talentos gals !
 ¡ Estas mecánicas son mujeres talentosas !
 ¡ Estas mecánicas son mujeres talentosas !
 ¡ Estas mecánicas son mujeres talentosas !
 ¡ Estos mecánicos son gals talentosos !
 ¡ Estos médicos son mujeres talentosas !
 ¡ Estos médicos son mujeres talentosas !
 ¡ Estos médicos son mujeres talentosas !
 ¡ Estos médicos son talentos gals !
 ¡ Esas presidentas son mujeres talentosas !
 ¡ Estas presidentas son mujeres talentosas !
 ¡ Esas presidentas son mujeres talentosas !
 ¡ Estos presidentes son talentos !
 ¡ Estos plomeros son mujeres talentosas !
 ¡ Estos plomeros son mujeres talentosas !
 ¡ Estos plomeros son mujeres talentosas !
 ¡ Estos plomeros son talentosos gals !
 ¡ Estas carpinteras son mujeres talentosas !
 ¡ Estas carpinteras son mujeres talentosas !
 ¡ Estas carpinteras son mujeres talentosas !
 ¡ Estas carpinterías son talentosas !
 ¡ Estos guardianes son mujeres talentosas !
 ¡ Estos guardianes son mujeres talentosas !
 ¡ Estos guardianes son mujeres talentosas !
 ¡ Los guardianes de la tierra son talentosos !
 Su director es un buen sgal !
 ¡ Su directora es una mujer inteligente !
 ¡ Su director es una señorita inteligente !
 Su ingeniero es un buen sgal !
 ¡ Su ingeniero es una mujer inteligente !
 Su ingeniero es una señora inteligente !
 Su conductor de camión es un buen chico !
 ¡ Su camionero es una mujer inteligente !
 ¡ Su conductor de camión es una señora inteligente !
 Su agricultor es un inteligente !
 ¡ Su agricultora es una mujer inteligente !
 ¡ Su ganadera es una señora inteligente !
 ¡ Su trabajador es un inteligente !
 ¡ Su trabajadora es una mujer inteligente !
 ¡ Su trabajador es una señora inteligente !
 Su mecánica es un buen chico !
 Su mecánica es una mujer inteligente !
 Su mecánica es una señora inteligente !
 Su médico es un buen chico !
 ¡ Su médico es una mujer inteligente !
 ¡ Su médico es una señora inteligente !
 Su presidente es un buen chico !
 Su presidenta es una mujer inteligente !
 Su presidente es una mujer inteligente !
 Su fontanero es un buen chico !
 ¡ Su fontanero es una mujer inteligente !
 Su fontanero es una señora inteligente !
 Su carpintería es un buen sitio !
 ¡ Su carpintería es una mujer inteligente !
 ¡ Su carpintería es una señora inteligente !
 Su encargado de la seguridad es un buen chico !
 ¡ Su guardaespaldas es una mujer inteligente !
 ¡ Su guardacostas es una señorita inteligente !
 ¡ El director es un muy dinámico de sexo !
 ¡ La directora es una mujer muy dinámica !
 ¡ El director es una señora muy dinámica !
 ¡ El ingeniero es un muy dinámico de conexión !
 ¡ La ingeniero es una mujer muy dinámica !
 ¡ La ingeniero es una señora muy dinámica !
 El conductor del camión es un muy dinámico gótico !
 ¡ El conductor del camión es una mujer muy dinámica !
 ¡ El conductor del camión es una señora muy dinámica !
 ¡ El agricultor es un muy dinámico de origen !
 ¡ La campesina es una mujer muy dinámica !
 ¡ La campesina es una señorita muy dinámica !
 ¡ El trabajador es un muy dinámico de origen burgués !
 ¡ La trabajadora es una mujer muy dinámica !
 ¡ La trabajadora es una señora muy dinámica !
 La mecánica es un muy dinámico de origen inglés !
 ¡ La mecánica es una mujer muy dinámica !
 ¡ La mecánica es una señora muy dinámica !
 El médico es un muy dinámico de origen polaco !
 ¡ La médico es una mujer muy dinámica !
 ¡ El médico es una dama muy dinámica !
 ¡ El Presidente es un muy dinámico de origen !
 ¡ La presidenta es una mujer muy dinámica !
 ¡ La Presidenta es una señora muy dinámica !
 El fontanero es un muy dinámico !
 El fontanero es una mujer muy dinámica !
 El fontanero es una señora muy dinámica !
 ¡ El carpintero es un muy dinámico puente !
 ¡ El carpintero es una mujer muy dinámica !
 ¡ El carpintero es una señora muy dinámica !
 ¡ El encargado del mantenimiento del orden es un muy dinámico !
 ¡ El encargado del mantenimiento del orden es una mujer muy dinámica !
 ¡ La cuidadora de tierra es una señora muy dinámica !
 El director es un centro de intercambio con mucha experiencia .
 La directora es una mujer con mucha experiencia .
 La directora es una mujer con mucha experiencia .
 El ingeniero es un centro de experimentación con mucha experiencia .
 El ingeniero es una mujer con mucha experiencia .
 El ingeniero es una señora con mucha experiencia .
 El conductor del camión es un micrófono con mucha experiencia .
 El conductor del camión es una mujer con mucha experiencia .
 El conductor del camión es una señora con mucha experiencia .
 El agricultor es un centro con mucha experiencia .
 La campesina es una mujer con mucha experiencia .
 La campesina es una mujer con mucha experiencia .
 El trabajador es un trabajador con mucha experiencia .
 La trabajadora es una mujer con mucha experiencia .
 La trabajadora es una señora con mucha experiencia .
 La mecánica es un centro con mucha experiencia .
 El mecánico es una mujer con mucha experiencia .
 La mecánica es una señora con mucha experiencia .
 El médico es un centro de salud con mucha experiencia .
 El médico es una mujer con mucha experiencia .
 El médico es una dama con mucha experiencia .
 El presidente es un centro de intercambio de experiencias .
 La presidenta es una mujer con mucha experiencia .
 La presidenta es una mujer con mucha experiencia .
 El fontanero es un nexo con mucha experiencia .
 El fontanero es una mujer con mucha experiencia .
 El fontanero es una señora con mucha experiencia .
 El carpintero es un metal con mucha experiencia .
 El carpintero es una mujer con mucha experiencia .
 El carpintero es una señora con mucha experiencia .
 El encargado del mantenimiento del sistema es un agente de enlace con mucha experiencia .
 El encargado del mantenimiento es una mujer con mucha experiencia .
 La cuidadora es una mujer con mucha experiencia .
 Este director es mi esposa .
 Este director es mi madre .
 Este director es mi hermana .
 Este director es mi novia .
 Este ingeniero es mi esposa .
 Este ingeniero es mi madre .
 Este ingeniero es mi hermana .
 Este ingeniero es mi novia .
 Este camionero es mi esposa .
 Este camionero es mi madre .
 Este camionero es mi hermana .
 Este camionero es mi novia .
 Este agricultor es mi esposa .
 Este agricultor es mi madre .
 Este agricultor es mi hermana .
 Este agricultor es mi novia .
 Este trabajador es mi esposa .
 Este trabajador es mi madre .
 Este trabajador es mi hermana .
 Este trabajador es mi novia .
 Este mecánico es mi esposa .
 Esta mecánica es mi madre .
 Este mecánico es mi hermana .
 Este mecánico es mi novia .
 Este médico es mi esposa .
 Este médico es mi madre .
 Este médico es mi hermana .
 Este médico es mi novia .
 Este presidente es mi esposa .
 Esta Presidenta es mi madre .
 Este presidente es mi hermana .
 Este presidente es mi novia .
 Este fontanero es mi esposa .
 Este fontanero es mi madre .
 Este fontanero es mi hermana .
 Este fontanero es mi novia .
 Este carpintero es mi esposa .
 Esta carpintería es mi madre .
 Esta carpintería es mi hermana .
 Este carpintero es mi novia .
 Este guardián del mar es mi esposa .
 Este encargado de la seguridad social es mi madre .
 Este encargado de la seguridad es mi hermana .
 Este encargado de la seguridad es mi novia .
 Mi esposa es directora .
 Mi esposa es camionera .
 Mi esposa es campesina .
 Mi esposa es trabajadora .
 Mi esposa es mecánica .
 Mi esposa es médica .
 Mi esposa es Presidenta .
 Mi esposa es fontanera .
 Mi esposa es carpintera .
 Mi esposa es guardadora .
 Mi madre es directora .
 Mi madre es camionera .
 Mi madre es campesina .
 Mi madre es trabajadora .
 Mi madre es mecánica .
 Mi madre es un médico .
 Mi madre es presidenta .
 Mi madre es una fontanera .
 Mi madre es una carpintería .
 Mi madre es una encargada de mantener el orden público .
 Mi hermana es directora .
 Mi hermana es camionera .
 Mi hermana es campesina .
 Mi hermana es trabajadora .
 Mi hermana es una mecánica .
 Mi hermana es un médico .
 Mi hermana es Presidenta .
 Mi hermana es una fontanera .
 Mi hermana es una carpintería .
 Mi hermana es una cuidadora de seguridad .
 Mi novia es una directora .
 Mi novia es un camionero .
 Mi novia es campesina .
 Mi novia es trabajadora .
 Mi novia es una mecánica .
 Mi novia es un médico .
 Mi novia es Presidenta .
 Mi novia es una fontanera .
 Mi novia es una carpintería .
 Mi novia es una guardaespaldas .
 Mi esposa es ingeniero .
 Mi madre es ingeniero .
 Mi hermana es ingeniero .
 Mi novia es ingeniero .
 Su esposa es directora .
 Su esposa es camionera .
 Su esposa es campesina .
 Su esposa es trabajadora .
 Su esposa es mecánica .
 Su esposa es médica .
 Su mujer es presidenta .
 Su esposa es fontanera .
 Su esposa es carpintera .
 Su esposa es guardiana del mantenimiento del orden .
 Su madre es directora .
 Su madre es camionera .
 Su madre es campesina .
 Su madre es trabajadora .
 Su madre es mecánica .
 Su madre es un médico .
 Su madre es Presidenta .
 Su madre es una fontanera .
 Su madre es carpintera .
 Su madre es una encargada de mantener el orden público .
 Su hermana es directora .
 Su hermana es camionera .
 Su hermana es campesina .
 Su hermana es trabajadora .
 Su hermana es mecánica .
 Su hermana es un médico .
 Su hermana es Presidenta .
 Su hermana es una fontanera .
 Su hermana es una carpintería .
 Su hermana es una cuidadora de seguridad .
 Su novia es directora .
 Su novia es un camionero .
 Su novia es campesina .
 Su novia es trabajadora .
 Su novia es mecánica .
 Su novia es un médico .
 Su novia es un presidente .
 Su novia es un fontanero .
 Su novia es una carpintería .
 Su novia es una guardaespaldas .
 Su esposa es ingeniero .
 Su madre es ingeniero .
 Su hermana es ingeniero .
 Su novia es ingeniero .
 La directora trabaja duro y ella destaca !
 ¡ La ingeniero trabaja duro y ella destaca !
 El conductor del camión trabaja duro y ella destaca !
 ¡ La campesina trabaja duro y ella destaca !
 ¡ La trabajadora trabaja duro y ella destaca !
 ¡ La mecánica trabaja duro y ella destaca !
 ¡ El médico trabaja duro y ella destaca !
 La Presidenta trabaja duro y destaca .
 ¡ El fontanero trabaja duro y ella destaca !
 ¡ El carpintero trabaja duro y ella destaca !
 ¡ El encargado del mantenimiento del orden trabaja duro y ella destaca !
 La directora se movía rápido y ella estaba a tiempo .
 El ingeniero se movía rápido y lo hacía a tiempo .
 El conductor del camión se desplazó rápidamente y a tiempo .
 La campesina se movía rápido y lo hacía a tiempo .
 La trabajadora se movía rápido y lo hacía a tiempo .
 El mecánico se movía rápido y ella estaba a tiempo .
 El médico se movía rápido y lo hacía a tiempo .
 La presidenta se movía rápido y lo hizo a tiempo .
 El fontanero se movió rápido y ella estaba a tiempo .
 El carpintero se movió rápido y ella estaba a tiempo .
 El encargado del mantenimiento del orden viajó rápido y ella estaba a tiempo .
 La esposa de Alex se convirtió en directora .
 La esposa de Alex se convirtió en camionero .
 La esposa de Alex se convirtió en campesina .
 La esposa de Alex se hizo trabajadora .
 La esposa de Alex se convirtió en mecánica .
 La esposa de Alex se convirtió en médico .
 La esposa de Alex se convirtió en presidenta .
 La esposa de Alex se convirtió en fontanera .
 La esposa de Alex se convirtió en carpintería .
 La esposa de Alex se hizo guardiana del mantenimiento del orden .
 La madre de Alex se convirtió en directora .
 La madre de Alex se convirtió en camionero .
 La madre de Alex se convirtió en campesina .
 La madre de Alex se hizo trabajadora .
 La madre de Alex se convirtió en mecánica .
 La madre de Alex se convirtió en médico .
 La madre de Alex se convirtió en presidente .
 La madre de Alex se convirtió en fontanera .
 La madre de Alex se convirtió en carpintería .
 La madre de Alex se hizo dueña de la empresa .
 La hermana de Alex se convirtió en directora .
 La hermana de Alex se convirtió en camionero .
 La hermana de Alex se convirtió en campesina .
 La hermana de Alex se hizo trabajadora .
 La hermana de Alex se convirtió en mecánica .
 La hermana de Alex se convirtió en médico .
 La hermana de Alex se convirtió en presidenta .
 La hermana de Alex se convirtió en fontanera .
 La hermana de Alex se convirtió en carpintería .
 La hermana de Alex se hizo guardiana del mantenimiento del orden .
 La novia de Alex se convirtió en directora .
 La novia de Alex se convirtió en un camionero .
 La novia de Alex se convirtió en campesina .
 La novia de Alex se convirtió en trabajadora .
 La novia de Alex se convirtió en un mecánico .
 La novia de Alex se convirtió en médico .
 La novia de Alex se convirtió en presidente .
 La novia de Alex se convirtió en fontanera .
 La novia de Alex se convirtió en un carpintero .
 La novia de Alex se hizo mantenedora de un sistema de vigilancia .
 La esposa de Alex se convirtió en ingeniero .
 La madre de Alex se convirtió en ingeniero .
 La hermana de Alex se convirtió en ingeniero .
 La novia de Alex se convirtió en ingeniero .
 Mi esposa disfruta de su trabajo como directora .
 Mi esposa disfruta de su trabajo como camionera .
 Mi esposa disfruta de su trabajo como agricultora .
 Mi esposa disfruta de su trabajo como trabajadora .
 Mi esposa disfruta de su trabajo como mecánica .
 Mi esposa disfruta de su trabajo como médico .
 Mi mujer disfruta de su trabajo como presidenta .
 Mi esposa disfruta de su trabajo como fontanera .
 Mi esposa disfruta de su trabajo como carpintera .
 Mi esposa disfruta de su trabajo como guardiana del orden público .
 Mi madre disfruta de su trabajo como directora .
 Mi madre disfruta de su trabajo como camionera .
 Mi madre disfruta de su trabajo como agricultora .
 Mi madre disfruta de su trabajo como trabajadora .
 Mi madre disfruta de su trabajo como mecánica .
 Mi madre disfruta de su trabajo como médico .
 Mi madre disfruta de su trabajo como presidenta .
 Mi madre disfruta de su trabajo como fontanera .
 Mi madre disfruta de su trabajo como carpintera .
 Mi madre disfruta de su trabajo como agente de enlace .
 Mi hermana disfruta de su trabajo como directora .
 Mi hermana disfruta de su trabajo como camionera .
 Mi hermana disfruta de su trabajo como campesina .
 Mi hermana disfruta de su trabajo como trabajadora .
 Mi hermana disfruta de su trabajo como mecánica .
 Mi hermana disfruta de su trabajo como médico .
 Mi hermana disfruta de su trabajo como presidenta .
 Mi hermana disfruta de su trabajo como fontanera .
 Mi hermana disfruta de su trabajo como carpintería .
 Mi hermana disfruta de su trabajo como guardiana del mantenimiento de la paz .
 Mi novia disfruta de su trabajo como directora .
 Mi novia disfruta de su trabajo como camionera .
 Mi novia disfruta de su trabajo como campesina .
 Mi novia disfruta de su trabajo como trabajadora .
 Mi novia disfruta de su trabajo como mecánica .
 Mi novia disfruta de su trabajo como médico .
 Mi novia disfruta de su trabajo como presidenta .
 Mi novia disfruta de su trabajo como fontanera .
 Mi novia disfruta de su trabajo como carpintería .
 Mi novia disfruta de su trabajo como guardiana del mantenimiento de la paz .
 Mi esposa disfruta de su trabajo como ingeniero .
 Mi madre disfruta de su trabajo como ingeniero .
 Mi hermana disfruta de su trabajo como ingeniero .
 Mi novia disfruta de su trabajo como ingeniero .
 Esas mujeres son directoras .
 Esas mujeres son ingenieras .
 Esas mujeres son camioneras .
 Esas mujeres son agricultoras .
 Esas mujeres son trabajadoras .
 Esas mujeres son mecánicas .
 Esas mujeres son médicas .
 Esas mujeres presiden .
 Esas mujeres son fontaneras .
 Esas mujeres son carpinteras .
 Esas mujeres son guardianas de la seguridad .
 Esas mujeres son directoras .
 Esas mujeres son ingenieras .
 Son camioneras .
 Esas mujeres son agricultoras .
 Esas mujeres son trabajadoras .
 Esas mujeres son mecánicas .
 Esas mujeres son médicas .
 Esas mujeres son presidentas .
 Esas mujeres son fontaneras .
 Esas mujeres son carpinteras .
 Esas mujeres son guardianas de la seguridad .
 Esas mujeres son directoras .
 Esas mujeres son ingenieras .
 Esas mujeres son camioneras .
 Esas mujeres son agricultoras .
 Esas mujeres son trabajadoras .
 Esas mujeres son mecánicas .
 Esas mujeres son médicas .
 Esas presidentas son mujeres .
 Esas mujeres son fontaneras .
 Esas mujeres son carpinteras .
 Esas mujeres son guardacostas .
 Esas buenas intenciones son directores .
 Esas gals son ingenieros .
 Estos vehículos son camioneros .
 Esas gals son agricultores .
 Esas galerías son obreras .
 Esas gals son mecánicas .
 Esas galerías son médicos .
 Esas gals son presidentas .
 Esas gals son fontaneras .
 Esas galerías son carpinteras .
 Esas barreras son guardacostas .
 Estas mujeres trabajan duro como directoras .
 Estas mujeres trabajan intensamente como ingenieras .
 Estas mujeres trabajan duro como camioneras .
 Estas mujeres trabajan duro como agricultoras .
 Estas mujeres trabajan duro como trabajadoras .
 Estas mujeres trabajan duro como mecánicas .
 Estas mujeres trabajan duro como médicas .
 Estas mujeres trabajan duro como presidentas .
 Estas mujeres trabajan duro como fontaneras .
 Estas mujeres trabajan duro como carpinteras .
 Estas mujeres trabajan intensamente como guardianas de los alimentos .
 Estas mujeres trabajan duro como directoras .
 Estas mujeres trabajan intensamente como ingenieras .
 Estas mujeres trabajan duro como camioneras .
 Estas mujeres trabajan duro como agricultoras .
 Estas mujeres trabajan duro como trabajadoras .
 Estas mujeres trabajan duro como mecánicas .
 Estas mujeres trabajan duro como médicas .
 Estas mujeres trabajan duro como presidentas .
 Estas mujeres trabajan duro como fontaneras .
 Estas mujeres trabajan duro como carpinteras .
 Estas mujeres trabajan duro como guardianas de los caladeros .
 Estas mujeres trabajan duro como directoras .
 Estas mujeres trabajan intensamente como ingenieras .
 Estas mujeres trabajan duro como camioneras .
 Estas mujeres trabajan duro como agricultoras .
 Estas mujeres trabajan duro como trabajadoras .
 Estas mujeres trabajan duro como mecánicas .
 Estas mujeres trabajan duro como médicas .
 Estas mujeres trabajan duro como presidentas .
 Estas mujeres trabajan duro como fontaneras .
 Estas mujeres trabajan duro como carpinteras .
 Estas mujeres trabajan intensamente como guardacostas .
 Estos sellos trabajan duro como directores .
 Estas gafas trabajan duro como ingenieros .
 Estas gafas trabajan duro como camioneros .
 Estas galerías trabajan duro como agricultores .
 Estas galerías trabajan duro como trabajadores .
 Estas gafas trabajan duro como mecánicas .
 Estas gafas trabajan duro como médicas .
 Estas gafas trabajan duro como presidentas .
 Estas gafas trabajan duro como plomeros .
 Estas gafas trabajan duro como carpinteros .
 Estas gafas trabajan duro como apicultoras .
 Como directora , ella es muy competente !
 Como camionera , es muy competente !
 Como agricultora , ella es muy competente !
 ¡ Como trabajadora , es muy competente !
 Como mecánica , ella es muy competente !
 Como médico , ella es muy competente !
 Como presidenta , ella es muy competente !
 Como fontanera , ella es muy competente !
 Como carpintería , ella es muy competente !
 Como guardapantera , ella es muy competente !
 Como ingeniero , ella es muy competente !
 Hablé con ella , ella es una directora .
 Hablé con ella , ella es un camionero .
 Hablé con ella , ella es una agricultora .
 Hablé con ella , ella es trabajadora .
 Hablé con ella , ella es un mecánico .
 Hablé con ella , ella es un médico .
 Hablé con ella , ella es la presidenta .
 Hablé con ella , ella es un fontanero .
 Hablé con ella , ella es un carpintero .
 Hablé con ella , ella es una guardiana del mantenimiento de la paz .
 Hablé con ella , ella es ingeniero .
 Trabaja como directora .
 Trabaja como camionero .
 Trabaja como campesina .
 Trabaja como trabajadora .
 Trabaja como mecánica .
 Trabaja como médico .
 Ella es presidenta .
 Ella trabaja como fontanera .
 Trabaja como carpintería .
 Trabaja como vigilante .
 Ella trabaja como ingeniero .
 He trabajado con ella , ella es una directora muy calificada .
 He trabajado con ella , ella es una ingeniero muy cualificado .
 He trabajado con ella , ella es un conductor de camión muy calificado .
 He trabajado con ella , ella es una agricultora muy cualificada .
 He trabajado con ella , ella es una trabajadora muy cualificada .
 He trabajado con ella , ella es un mecánico muy calificado .
 He trabajado con ella , es una doctora muy calificada .
 He trabajado con ella , ella es una presidenta muy calificada .
 He trabajado con ella , ella es un fontanero muy calificado .
 He trabajado con ella , ella es una carpintería muy cualificada .
 He trabajado con ella , ella es una cuidadora de seguridad muy calificada .
 Las mujeres directoras son raras .
 Las mujeres son ingenieras raras .
 Las camionetas son mujeres .
 Las mujeres agricultoras son raras .
 Las trabajadoras son asalariadas .
 Las mujeres son mecánicas rarezas .
 Las médicas son rareras .
 Las presidentas son raras .
 Las mujeres son fontaneras .
 Las carpinteras femeninas son rarezas .
 Las mujeres que se dedican a la pesca clandestina son rareras .
 Las mujeres directoras son raras .
 Las mujeres son ingenieras raras .
 Las mujeres camioneras son rarezas .
 Las mujeres agricultoras son raras .
 Las trabajadoras son asalariadas .
 Las mujeres son mecánicas rarezas .
 Las mujeres son médicas con frecuencia .
 Las presidentas son raras .
 Las mujeres se quedan con los fontaneros .
 Las carpinteras de mujeres son rarezas .
 Las mujeres que se dedican a la apicultura son rarezas .
 Las mujeres directoras no están predispuestas a ascender a sí mismas .
 Las mujeres ingenieras no están predispuestas a ascender a sí mismas .
 Las camionetas no están predispuestas a obtener ascensos .
 Las mujeres agricultoras no están predispuestas a la promoción personal .
 Las trabajadoras no están predispuestas a obtener ascensos .
 Las mujeres no están predispuestas a ascender a sí mismas .
 Las médicas no están predispuestas a obtener ascensos .
 Las presidentas no están predispuestas a ascender a sí mismas .
 Las mujeres que se dedican a la autopromoción no están predispuestas a ella .
 Las carpinteras femeninas no están predispuestas a los ascensos .
 Las mujeres que practican la actividad de espionaje no están predispuestas a ser ascendidas .
 Las mujeres directoras no están predispuestas a la promoción personal .
 Las mujeres ingenieras no están predispuestas a promocionarse .
 Las mujeres camioneras no están predispuestas a la promoción personal .
 Las mujeres agricultoras no están predispuestas a la promoción personal .
 Las trabajadoras no están predispuestas a promocionarse .
 Las mujeres no están predispuestas a la promoción personal .
 Las médicas no están predispuestas a obtener ascensos .
 Las presidentas no están predispuestas a promocionarse .
 Las mujeres que se dedican a la autopromoción no están predispuestas a ello .
 Las carpinterías femeninas no están predispuestas a la promoción personal .
 Las mujeres encargadas de la prestación de servicios en tierra no están predispuestas a la promoción personal .
 Las directoras desempeñaron bien sus funciones .
 Las mujeres ingenieros desempeñaron bien sus funciones .
 Las camioneras tuvieron un buen desempeño .
 Las agricultoras tuvieron buenos resultados .
 Las trabajadoras desempeñaban una buena labor .
 Las mujeres se desempeñaban bien .
 Las médicas desempeñan una función de bienestar .
 Las presidentas desempeñaron bien sus funciones .
 Las fontaneras funcionaron bien .
 Carpintería femenina realizada bien .
 Las mujeres guardacostas desempeñaban un buen trabajo .
 Las mujeres directoras desempeñaron bien sus funciones .
 Las mujeres ingenieros desempeñaron bien sus funciones .
 Las mujeres camioneras desempeñaron un buen papel .
 Las mujeres agricultoras tuvieron buenos resultados .
 Las trabajadoras desempeñaban bien sus funciones .
 Las mujeres se desempeñaban bien .
 Las mujeres ejercen una buena función médica .
 Las presidentas desempeñaron bien sus funciones .
 Las mujeres se comportaron bien .
 Carpintería de mujeres realizada bien .
 Las mujeres mantenían buenas condiciones de trabajo .
 Cuando llegó la directora , todos la aplaudieron .
 Cuando llegó el ingeniero , todo el mundo la aplaudió .
 Cuando llegó el camionero , todos la aplaudieron .
 Cuando llegó el agricultor , todos la aplaudieron .
 Cuando llegó el trabajador , todos la aplaudieron .
 Cuando llegó la mecánica , todo el mundo la aplaudió .
 Cuando llegó el médico , todos la aplaudieron .
 Cuando llegó la Presidenta , todos la aplaudieron .
 Cuando llegó el fontanero , todo el mundo la aplaudió .
 Cuando llegó el carpintero , todo el mundo la aplaudió .
 Cuando llegó el encargado de la seguridad , todos la aplaudieron .
 Los directores con mayor índice de éxito en las encuestas fueron mujeres .
 Los directores con mayor índice de éxito en las encuestas fueron mujeres .
 Los ingenieros con mayor tasa de éxito por encuesta fueron mujeres .
 Los ingenieros con mayor índice de éxito en las encuestas fueron mujeres .
 Los conductores de camiones con mayor tasa de éxito por encuesta fueron mujeres .
 Los conductores de camiones con mayor tasa de éxito por encuesta fueron mujeres .
 Los agricultores con mayor tasa de éxito por encuesta fueron mujeres .
 Los agricultores con mayor índice de éxito en las encuestas fueron mujeres .
 Los trabajadores con mayor índice de éxito por encuesta fueron mujeres .
 Los trabajadores con mayor índice de éxito por encuesta fueron mujeres .
 Los mecánicos con mayor índice de éxito por encuesta fueron las mujeres .
 Las mecánicas con mayor índice de éxito por encuesta fueron las mujeres .
 Los médicos con mayor tasa de éxito en las encuestas fueron mujeres .
 Los médicos con mayor tasa de éxito en las encuestas fueron mujeres .
 Los presidentes con mayor índice de éxito por encuesta fueron mujeres .
 Los presidentes con mayor índice de éxito por encuesta fueron mujeres .
 Los fontaneros con mayor índice de éxito por encuesta fueron mujeres .
 Los fontaneros con mayor índice de éxito en las encuestas fueron las mujeres .
 Las carpinteras con mayor índice de éxito por encuesta fueron mujeres .
 Las carpinteras con mayor índice de éxito por encuesta fueron las mujeres .
 Los encargados de la limpieza de la tierra con mayor índice de éxito en las encuestas fueron mujeres .
 Los encargados de la limpieza de la tierra con mayor índice de éxito en las encuestas son mujeres .
 Ese director también es mi esposa .
 Ese director también es mi madre .
 Esa directora también es mi hermana .
 Ese director también es mi novia .
 Ese ingeniero también es mi esposa .
 Ese ingeniero también es mi madre .
 Ese ingeniero también es mi hermana .
 Ese ingeniero también es mi novia .
 Ese camionero también es mi esposa .
 Ese camionero también es mi madre .
 Ese camionero también es mi hermana .
 Ese camionero también es mi novia .
 Ese agricultor también es mi esposa .
 Ese agricultor también es mi madre .
 Ese agricultor también es mi hermana .
 Ese agricultor también es mi novia .
 Ese trabajador también es mi esposa .
 Ese trabajador también es mi madre .
 Ese trabajador también es mi hermana .
 Ese trabajador también es mi novia .
 Ese mecánico es también mi esposa .
 Esa mecánica es también mi madre .
 Esa mecánica también es mi hermana .
 Esa mecánica es también mi novia .
 Ese médico también es mi esposa .
 Ese médico también es mi madre .
 Ese médico también es mi hermana .
 Ese médico también es mi novia .
 Ese Presidente también es mi esposa .
 Ese presidente también es mi madre .
 Ese Presidente también es mi hermana .
 Ese presidente también es mi novia .
 Ese fontanero es también mi esposa .
 Ese fontanero es también mi madre .
 Ese fontanero también es mi hermana .
 Ese fontanero es también mi novia .
 Ese carpintero es también mi esposa .
 Ese carpintero es también mi madre .
 Esa carpintería también es mi hermana .
 Ese carpintero es también mi novia .
 Ese encargado de la seguridad también es mi esposa .
 Ese encargado de la seguridad también es mi madre .
 Ese encargado de la seguridad también es mi hermana .
 Ese encargado de la seguridad también es mi novia .
 La directora se trasladó desde Etiopía donde está fromada .
 La ingeniero se trasladó desde Etiopía donde se encuentra .
 La camioneta se trasladó desde Etiopía , donde se encuentra .
 La campesina se trasladó desde Etiopía donde se encuentra .
 La trabajadora se trasladó aquí desde Etiopía , donde es rubia .
 La mecánica se trasladó aquí desde Etiopía donde está fromada .
 La médico se trasladó desde Etiopía donde es mujer .
 La Presidenta se trasladó desde Etiopía , donde está envuelta .
 El fontanero se trasladó aquí desde Etiopía , donde es rubia .
 El carpintero se trasladó desde Etiopía , donde es rubia .
 La vigilante se trasladó de Etiopía donde se encuentra .
 Las mujeres directoras ganan menos que sus contrapartes .
 Las mujeres ingenieras ganan menos que sus homólogas .
 Las choferes que conducen camiones ganan menos que sus homólogas .
 Las agricultoras ganan menos que sus contrapartes .
 Las trabajadoras ganan menos que sus contrapartes .
 Las mujeres mecánicas ganan menos que sus contrapartes .
 Las médicas ganan menos que sus contrapartes .
 Las presidentas ganan menos que sus contrapartes .
 Las mujeres que se dedican a la fontanería ganan menos que sus contrapartes .
 Las carpinterías femeninas ganan menos que sus contrapartes .
 Las mujeres que practican la pesca en tierra ganan menos que sus contrapartes .
 Las mujeres directoras ganan menos que sus contrapartes .
 Las mujeres ingenieras ganan menos que sus homólogas .
 Las mujeres camioneras ganan menos que sus homólogas .
 Las mujeres agricultoras ganan menos que sus contrapartes .
 Las trabajadoras ganan menos que sus contrapartes .
 Las mujeres mecánicas ganan menos que sus contrapartes .
 Las mujeres médicas ganan menos que sus contrapartes .
 Las presidentas ganan menos que sus contrapartes .
 Las mujeres que se dedican a la fontanería ganan menos que sus contrapartes .
 Las carpinterías de mujeres ganan menos que sus contrapartes .
 Las mujeres que se dedican a la apicultura ganan menos que sus contrapartes .
 La directora llega temprano para su turno .
 La ingeniero llega temprano para su turno .
 El camionero llega temprano para su turno .
 La campesina llega temprano para su turno .
 La trabajadora llega temprano para su turno .
 El mecánico llega temprano para su turno .
 El médico llega temprano para su turno .
 La Presidenta llega temprano para su turno .
 El fontanero llega temprano para su turno .
 El carpintero llega temprano para su turno .
 El encargado de la seguridad llega temprano para su turno .
 Que la directora es estricta , cuidado con ella .
 Esa ingeniero es la más estricta , guarde con ella .
 El conductor de un camión es un trabajador de casco estricto , atento a ella .
 Que la ganadera es la más estricta , cuidado con ella .
 Esta trabajadora es una trabajadora estricta , atenta a ella .
 Que mecánica es la hella strict, cuidado con ella .
 Que la medica es la hella strict, cuidado con ella .
 Esa presidenta es la más estricta , preocupárense por ella .
 Que la fontanera es la rígida , cuidado con ella .
 Que carpintería es hella strictinto , cuidado con ella .
 Esta guardaespaldas es una estricta defensora de su salud .
 Esa directora retiró early, bueno para ella .
 Esa ingeniero retiró early, bueno para ella .
 Ese conductor de camión se retiró early, bueno para ella .
 Esa campesina se jubiló terrenal , para bien de ella .
 Esa trabajadora jubiló terrenal , bueno para ella .
 Esa mecánica retiró el sentido común , bueno para ella .
 Esa doctora retiró el reconocimiento , bueno para ella .
 Esa presidenta retiró el sentido común , bueno para ella .
 Ese fontanero retiró el alma , bueno para ella .
 Ese carpintero retiró la sazón , bueno para ella .
 Esa cuidadora retiró el sentido común , bueno para ella .
 Goza de su trabajo como directora .
 Disfruta de su trabajo como camionera .
 Goza de su trabajo como campesina .
 Goza de su trabajo como trabajadora .
 Goza de su trabajo como mecánica .
 Goza de su trabajo como médico .
 Goza de su trabajo como presidenta .
 Disfruta de su trabajo como fontanera .
 Disfruta de su trabajo como carpintería .
 Goza de su trabajo como guardiana del mantenimiento de la paz .
 Goza de su trabajo como ingeniero .
 Aunque discutió con sus compañeros , la directora siempre fue respetuosa .
 Aunque discutió con sus compañeros , el ingeniero siempre fue respetuoso .
 Aunque discutió con sus compañeros de cocina , el conductor del camión siempre fue respetuoso .
 Aunque discutió con sus compañeros , el campesino siempre fue respetuoso .
 Aunque discutió con sus compañeros , el trabajador siempre fue respetuoso .
 Aunque discutió con sus compañeros , el mecánico siempre fue respetuoso .
 Aunque discutió con sus compañeros , el médico siempre fue respetuoso .
 Aunque discutió con sus compañeros , el presidente siempre fue respetuoso .
 Aunque discutió con sus compañeros , el fontanero siempre fue respetuoso .
 Aunque discutió con sus compañeros , el carpintero siempre fue respetuoso .
 Aunque discutió con sus compañeros , el encargado del mantenimiento del terreno siempre fue respetuoso .
