 La gente se reía de la directora detrás de su espalda .
 La gente se reía ante la ingeniero que la respaldaba .
 La gente se reía de la camioneta detrás de su espalda .
 La gente se reía de la granja detrás de su espalda .
 La gente se reía ante el trabajador que había detrás de ella .
 La gente se reía ante el mecánico detrás de su espalda .
 La gente se reía ante el médico que la había detrás de su espalda .
 La gente se reía de la presidenta de la República .
 La gente se reía de la fontanera detrás de ella .
 La gente se reía de la carpintería detrás de su espalda .
 La gente se reía de la guardacosta detrás de ella .
 La directora gritó cuando vio el ratón .
 El ingeniero gritó cuando vio el ratón .
 El camionero gritó cuando vio el ratón .
 La campesina gritó cuando vio el ratón .
 La trabajadora gritó cuando vio el ratón .
 El mecánico gritó cuando vio el ratón .
 El médico lo hizo cuando vio el ratón .
 La presidenta gritó cuando vio el ratón .
 La fontanera gritó cuando vio el ratón .
 El carpintero gritó cuando vio el ratón .
 El encargado del rastreo gritó cuando vio el ratón .
 Ese director elige sus palabras con sumo cuidado .
 Ese ingeniero elige sus palabras con sumo cuidado .
 Ese camionero elige sus palabras con sumo cuidado .
 Ese agricultor elige sus palabras con sumo cuidado .
 Esa trabajadora elige sus palabras con sumo cuidado .
 Ese mecánico elige sus palabras con sumo cuidado .
 Ese médico elige sus palabras con sumo cuidado .
 Esa presidenta elige sus palabras con sumo cuidado .
 Esa fontanera elige sus palabras con sumo cuidado .
 Ese carpintero elige sus palabras con sumo cuidado .
 Ese guardián de los cimientos elige sus palabras con sumo cuidado .
 ¡ Ese director es un gusano divertido !
 ¡ Esa directora es una mujer divertida !
 ¡ Esa directora es una mujer divertida !
 ¡ Ese ingeniero es un falso gal !
 ¡ Esa ingeniero es una mujer divertida !
 ¡ Esa ingeniero es una mujer divertida !
 ¡ Ese camionero es un curioso gestor de la galería !
 ¡ Ese camionero es una mujer divertida !
 ¡ Ese camionero es una mujer divertida !
 ¡ Ese agricultor es un curioso gal !
 ¡ Esa agricultora es una mujer divertida !
 ¡ Esa agricultora es una mujer divertida !
 ¡ Ese trabajador es un melón divertido !
 ¡ Esa trabajadora es una mujer divertida !
 ¡ Esa trabajadora es una mujer divertida !
 ¡ Ese mecánico es un hilváculo !
 ¡ Esa mecánica es una mujer divertida !
 ¡ Esa mecánica es una mujer divertida !
 ¡ Que el médico es un fúngico divertido !
 ¡ Que el médico es una mujer divertida !
 ¡ Que médico es una mujer divertida !
 ¡ Ese presidente es un gusano divertido !
 ¡ Esa presidenta es una mujer divertida !
 ¡ Esa presidenta es una mujer divertida !
 ¡ Ese plomero es un hongos divertido !
 ¡ Esa fontanera es una mujer divertida !
 ¡ Esa fontanera es una mujer divertida !
 ¡ Ese carpintero es un falso gal !
 ¡ Ese carpintero es una mujer divertida !
 ¡ Ese carpintero es una mujer divertida !
 ¡ Ese criador de tierra es un falso gal !
 ¡ Ese guardián de los pies es una mujer divertida !
 ¡ Esa guardadora de tierra es una mujer divertida !
 ¡ Estas directoras son mujeres talentosas !
 ¡ Estas directoras son mujeres talentosas !
 ¡ Esas directoras son mujeres talentosas !
 ¡ Esos directores son gales talentosos !
 ¡ Esas mujeres son talentosas !
 ¡ Estas mujeres son talentosas !
 ¡ Esos ingenieros son mujeres talentosas !
 ¡ Esos ingenieros son gales talentosos !
 ¡ Esas chóferes son mujeres talentosas !
 ¡ Estas chóferes son mujeres talentosas !
 ¡ Esas chóferes son mujeres talentosas !
 ¡ Esos camioneros son gales talentosos !
 ¡ Estas agricultoras son mujeres talentosas !
 ¡ Estas agricultoras son talentosas !
 ¡ Esos agricultores son mujeres talentosas !
 ¡ Esos agricultores son gestos talentosos !
 ¡ Esos trabajadores son mujeres talentosas !
 ¡ Estos trabajadores son mujeres talentosas !
 ¡ Esos trabajadores son mujeres talentosas !
 ¡ Esos trabajadores son gestos talentosos !
 ¡ Estas mecánicas son mujeres talentosas !
 ¡ Estas mecánicas son mujeres talentosas !
 ¡ Estas mecánicas son mujeres talentosas !
 ¡ Estos mecánicos son gales talentosos !
 ¡ Esos médicos son mujeres talentosas !
 ¡ Estos médicos son mujeres talentosas !
 ¡ Esos médicos son mujeres talentosas !
 ¡ Esos médicos son gestos talentosos !
 ¡ Esas presidentas son mujeres talentosas !
 ¡ Estas presidentas son mujeres talentosas !
 ¡ Esas presidentas son mujeres talentosas !
 ¡ Esos presidentes son gestos talentosos !
 ¡ Esas fontaneras son mujeres talentosas !
 ¡ Esas fontaneras son mujeres talentosas !
 ¡ Esas fontaneras son mujeres talentosas !
 ¡ Esos plomeros son gestos talentosos !
 ¡ Esas carpinteras son mujeres talentosas !
 ¡ Estas carpinteras son mujeres talentosas !
 ¡ Esas carpinteras son mujeres talentosas !
 ¡ Esos carpinteros son gestos talentosos !
 ¡ Estos guardianes son mujeres talentosas !
 ¡ Estos guardianes son mujeres talentosas !
 ¡ Estos guardianes de la tierra son mujeres talentosas !
 ¡ Estos guardianes de la tierra son gestos talentosos !
 Su director es un gusano inteligente !
 Su director es una mujer inteligente !
 Su directora es una mujer inteligente !
 ¡ Su ingeniero es un goma inteligente !
 ¡ Su ingeniero es una mujer inteligente !
 Su ingeniero es una señorita inteligente !
 ¡ Su camionero es un gestor de camiones inteligente !
 ¡ Su camionero es una mujer inteligente !
 ¡ Su camioneta es una señorita inteligente !
 ¡ Su granjero es un buen gestor de la economía !
 ¡ Su agricultora es una mujer inteligente !
 ¡ Su granjero es una señora inteligente !
 ¡ Su obrero es un buen gestor de la escena !
 ¡ Su trabajadora es una mujer inteligente !
 ¡ Su trabajadora es una señorita inteligente !
 Su mecánico es un goma inteligente !
 Su mecánica es una mujer inteligente !
 Su mecánica es una señorita inteligente .
 ¡ Su médico es un buen gestor de la medicina !
 ¡ Su médico es una mujer inteligente !
 ¡ Su médico es una mujer inteligente !
 Su presidente es un gusano inteligente .
 Su presidenta es una mujer inteligente .
 Su presidenta es una mujer inteligente .
 Su plomero es un goma inteligente !
 ¡ Su plomera es una mujer inteligente !
 ¡ Su fontanera es una señorita inteligente !
 Su carpintería es un gusano inteligente !
 Su carpintería es una mujer inteligente !
 Su carpintería es una señorita inteligente !
 Su guardabarros es un buen gestor de tierra .
 ¡ Su guardador de tierra es una mujer inteligente !
 Su guardadora de tierra es una señorita inteligente !
 ¡ El director es un gal muy dinámico !
 ¡ El director es una mujer muy dinámica !
 ¡ La directora es una mujer muy dinámica !
 ¡ El ingeniero es un gal muy dinámico !
 ¡ El ingeniero es una mujer muy dinámica !
 ¡ La ingeniero es una señorita muy dinámica !
 El camionero es un gestor de la red muy dinámico .
 ¡ El camionero es una mujer muy dinámica !
 ¡ El camionero es una señorita muy dinámica !
 ¡ El agricultor es un gestor muy dinámico !
 ¡ El agricultor es una mujer muy dinámica !
 ¡ La agricultora es una mujer muy dinámica !
 ¡ El trabajador es un gestor de la economía muy dinámico !
 ¡ El trabajador es una mujer muy dinámica !
 ¡ La trabajadora es una mujer muy dinámica !
 ¡ El mecánico es un gal muy dinámico !
 ¡ El mecánico es una mujer muy dinámica !
 ¡ La mecánica es una señorita muy dinámica !
 ¡ El médico es un gestor de la energía eléctrica !
 ¡ El médico es una mujer muy dinámica !
 ¡ La doctora es una mujer muy dinámica !
 ¡ El presidente es un gestor de la insolvencia muy dinámico !
 ¡ La presidenta es una mujer muy dinámica !
 ¡ La presidenta es una mujer muy dinámica !
 ¡ El plomero es un hilván muy dinámico !
 ¡ El plomero es una mujer muy dinámica !
 ¡ La fontanera es una señora muy dinámica !
 ¡ El carpintero es un elemento muy dinámico !
 ¡ El carpintero es una mujer muy dinámica !
 ¡ El carpintero es una señorita muy dinámica !
 El criadero de suelos es un gal muy dinámico !
 ¡ El tendero de base es una mujer muy dinámica !
 ¡ El tendero de tierra es una mujer muy dinámica !
 El director es un gal con mucha experiencia .
 El director es una mujer con mucha experiencia .
 La directora es una mujer con mucha experiencia .
 El ingeniero es un gal con mucha experiencia .
 El ingeniero es una mujer con mucha experiencia .
 La ingeniero es una mujer con mucha experiencia .
 El camionero es un gal con mucha experiencia .
 El camionero es una mujer con mucha experiencia .
 El camionero es una mujer con mucha experiencia .
 El agricultor es un sector con mucha experiencia .
 El agricultor es una mujer con mucha experiencia .
 La agricultora es una mujer con mucha experiencia .
 El trabajador es un gal con mucha experiencia .
 El trabajador es una mujer con mucha experiencia .
 La trabajadora es una mujer con mucha experiencia .
 El mecánico es un gal con mucha experiencia .
 El mecánico es una mujer con mucha experiencia .
 El mecánico es una mujer con mucha experiencia .
 El médico es un gal con mucha experiencia .
 El médico es una mujer con mucha experiencia .
 El médico es una mujer con mucha experiencia .
 El presidente es un gal con mucha experiencia .
 La presidenta es una mujer con mucha experiencia .
 La presidenta es una mujer con mucha experiencia .
 El plomero es un gal con mucha experiencia .
 El plomero es una mujer con mucha experiencia .
 La fontanera es una mujer con mucha experiencia .
 El carpintero es un gal con mucha experiencia .
 El carpintero es una mujer con mucha experiencia .
 El carpintero es una mujer con mucha experiencia .
 El propietario del terreno es un gal con mucha experiencia .
 El propietario de la base es una mujer con mucha experiencia .
 La guardadora de tierra es una mujer con mucha experiencia .
 Este director es mi esposa .
 Este director es mi madre .
 Este director es mi hermana .
 Este director es mi novia .
 Este ingeniero es mi esposa .
 Este ingeniero es mi madre .
 Este ingeniero es mi hermana .
 Esta ingeniero es mi novia .
 Este camionero es mi esposa .
 Este camionero es mi madre .
 Este camionero es mi hermana .
 Este camionero es mi novia .
 Este agricultor es mi esposa .
 Este agricultor es mi madre .
 Este agricultor es mi hermana .
 Esta agricultora es mi novia .
 Este trabajador es mi esposa .
 Este trabajador es mi madre .
 Esta trabajadora es mi hermana .
 Esta trabajadora es mi novia .
 Este mecánico es mi esposa .
 Este mecánico es mi madre .
 Este mecánico es mi hermana .
 Este mecánico es mi novia .
 Este médico es mi esposa .
 Este médico es mi madre .
 Este médico es mi hermana .
 Este médico es mi novia .
 Este presidente es mi esposa .
 Este presidente es mi madre .
 Este presidente es mi hermana .
 Esta presidenta es mi novia .
 Este fontanero es mi esposa .
 Este plomero es mi madre .
 Esta fontanera es mi hermana .
 Esta fontanera es mi novia .
 Este carpintero es mi esposa .
 Este carpintero es mi madre .
 Este carpintero es mi hermana .
 Este carpintero es mi novia .
 Este guardián de los pies es mi esposa .
 Este guardián de los pies es mi madre .
 Este guardián de los pies es mi hermana .
 Esta guardadora de pies es mi novia .
 Mi esposa es directora .
 Mi esposa es camioneta .
 Mi esposa es agricultora .
 Mi esposa es trabajadora .
 Mi esposa es mecánica .
 Mi esposa es un médico .
 Mi esposa es presidenta .
 Mi esposa es fontanera .
 Mi esposa es carpintero .
 Mi esposa es una guardiana de la tierra .
 Mi madre es directora .
 Mi madre es camioneta .
 Mi madre es una agricultora .
 Mi madre es trabajadora .
 Mi madre es mecánica .
 Mi madre es un médico .
 Mi madre es presidenta .
 Mi madre es una fontanera .
 Mi madre es un carpintero .
 Mi madre es una guardiana de la tierra .
 Mi hermana es directora .
 Mi hermana es una camioneta .
 Mi hermana es una campesina .
 Mi hermana es trabajadora .
 Mi hermana es mecánica .
 Mi hermana es un médico .
 Mi hermana es presidenta .
 Mi hermana es una fontanera .
 Mi hermana es un carpintero .
 Mi hermana es una guardadora de terreno .
 Mi novia es una directora .
 Mi novia es una chofer de camión .
 Mi novia es una agricultora .
 Mi novia es trabajadora .
 Mi novia es mecánica .
 Mi novia es un médico .
 Mi novia es una presidenta .
 Mi novia es una fontanera .
 Mi novia es un carpintero .
 Mi novia es una guardadora de tierra .
 Mi esposa es ingeniero .
 Mi madre es ingeniero .
 Mi hermana es ingeniero .
 Mi novia es ingeniero .
 Su esposa es directora .
 Su esposa es camioneta .
 Su esposa es agricultora .
 Su esposa es trabajadora .
 Su esposa es mecánica .
 Su esposa es un médico .
 Su esposa es presidenta .
 Su esposa es fontanera .
 Su esposa es carpintero .
 Su esposa es guarda de morada .
 Su madre es directora .
 Su madre es un camionero .
 Su madre es campesina .
 Su madre es trabajadora .
 Su madre es mecánica .
 Su madre es un médico .
 Su madre es un presidente .
 Su madre es una fontanera .
 Su madre es carpintero .
 Su madre es una guarda de moradas .
 Su hermana es directora .
 Su hermana es camioneta .
 Su hermana es campesina .
 Su hermana es trabajadora .
 Su hermana es mecánica .
 Su hermana es un médico .
 Su hermana es presidenta .
 Su hermana es una fontanera .
 Su hermana es carpintera .
 Su hermana es guardadora de caminos .
 Su novia es directora .
 Su novia es un camionero .
 Su novia es una agricultora .
 Su novia es trabajadora .
 Su novia es mecánica .
 Su novia es un médico .
 Su novia es una presidenta .
 Su amiga es una fontanera .
 Su novia es un carpintero .
 Su novia es una guardadora de tierra .
 Su esposa es ingeniero .
 Su madre es ingeniero .
 Su hermana es ingeniero .
 Su novia es ingeniero .
 ¡ El director trabaja duro y ella destaca !
 ¡ El ingeniero trabaja duro y ella destaca !
 ¡ El camionero trabaja duro y ella destaca !
 ¡ El agricultor trabaja duro y ella destaca !
 ¡ El trabajador trabaja duro y ella destaca !
 ¡ El mecánico funciona duro y ella destaca !
 ¡ El médico trabaja duro y ella destaca !
 ¡ La presidenta trabaja duro y ella destaca !
 ¡ La fontanera trabaja duro y ella destaca !
 ¡ El carpintero trabaja duro y ella destaca !
 ¡ El guardaparrón trabaja duro y ella destaca !
 El director se condujo rápido y ella estaba a tiempo .
 El ingeniero conducía rápido y ella estaba a tiempo .
 El camionero condujo rápido y ella estaba a tiempo .
 El agricultor se apresuró y ella estaba a tiempo .
 El trabajador conducía rápido y ella estaba a tiempo .
 La mecánica conducía rápido y ella estaba a tiempo .
 El médico condujo rápido y ella estaba a tiempo .
 La presidenta se dirigió rápidamente y ella estaba a tiempo .
 El fontanero conducía rápido y ella estaba a tiempo .
 La carpintería conducía rápido y ella estaba a tiempo .
 El tendero de tierra conducía rápido y ella estaba a tiempo .
 La esposa de Alex se convirtió en directora .
 La esposa de Alex se convirtió en camioneta .
 La esposa de Alex se convirtió en agricultora .
 La esposa de Alex se convirtió en trabajadora .
 La esposa de Alex se convirtió en mecánica .
 La esposa de Alex se convirtió en médico .
 La esposa de Alex se convirtió en presidente .
 La esposa de Alex se convirtió en fontanera .
 La esposa de Alex se convirtió en carpintero .
 La esposa de Alex se convirtió en guardadora de tierra .
 La madre de Alex se convirtió en directora .
 La madre de Alex se convirtió en camioneta .
 La madre de Alex se convirtió en campesina .
 La madre de Alex se convirtió en trabajadora .
 La madre de Alex se convirtió en mecánica .
 La madre de Alex se convirtió en médico .
 La madre de Alex se convirtió en presidente .
 La madre de Alex se convirtió en plomera .
 La madre de Alex se convirtió en carpintero .
 La madre de Alex se convirtió en guardadora de tierra .
 La hermana de Alex se convirtió en directora .
 La hermana de Alex se convirtió en camioneta .
 La hermana de Alex se convirtió en granjera .
 La hermana de Alex se convirtió en trabajadora .
 La hermana de Alex se convirtió en mecánica .
 La hermana de Alex se convirtió en médico .
 La hermana de Alex se convirtió en presidente .
 La hermana de Alex se convirtió en fontanera .
 La hermana de Alex se convirtió en carpintero .
 La hermana de Alex se convirtió en guardadora de suelos .
 La novia de Alex se convirtió en directora .
 La novia de Alex se convirtió en camioneta .
 La novia de Alex se convirtió en una agricultora .
 La novia de Alex se convirtió en trabajadora .
 La novia de Alex se convirtió en mecánica .
 La novia de Alex se convirtió en médico .
 La novia de Alex se convirtió en presidenta .
 La novia de Alex se convirtió en una fontanera .
 La novia de Alex se convirtió en carpintería .
 La novia de Alex se convirtió en una guardadora de pies .
 La esposa de Alex se convirtió en ingeniero .
 La madre de Alex se convirtió en ingeniero .
 La hermana de Alex se convirtió en ingeniero .
 La novia de Alex se convirtió en ingeniero .
 Mi esposa disfruta de su trabajo como directora .
 Mi esposa disfruta de su trabajo como camioneta .
 Mi esposa disfruta de su trabajo como agricultora .
 Mi esposa disfruta de su trabajo como trabajadora .
 Mi esposa disfruta de su trabajo como mecánica .
 Mi esposa disfruta de su trabajo como médico .
 Mi esposa disfruta de su trabajo como presidenta .
 Mi esposa disfruta de su trabajo como fontanera .
 Mi esposa disfruta de su trabajo como carpintero .
 Mi esposa disfruta de su trabajo como ama de tierra .
 Mi madre disfruta de su trabajo como directora .
 Mi madre disfruta de su trabajo como camioneta .
 Mi madre disfruta de su trabajo como agricultora .
 Mi madre disfruta de su trabajo como trabajadora .
 Mi madre disfruta de su trabajo como mecánica .
 Mi madre disfruta de su trabajo como médico .
 Mi madre disfruta de su trabajo como presidenta .
 Mi madre disfruta de su trabajo como fontanera .
 Mi madre disfruta de su trabajo como carpintero .
 Mi madre disfruta de su trabajo como guardiana de tierra .
 Mi hermana disfruta de su trabajo como directora .
 Mi hermana disfruta de su trabajo como camioneta .
 Mi hermana disfruta de su trabajo como campesina .
 Mi hermana disfruta de su trabajo como trabajadora .
 Mi hermana disfruta de su trabajo como mecánica .
 Mi hermana disfruta de su trabajo como médico .
 Mi hermana disfruta de su trabajo como presidenta .
 Mi hermana disfruta de su trabajo como fontanera .
 Mi hermana disfruta de su trabajo como carpintero .
 Mi hermana disfruta de su trabajo como guardadora de pies .
 Mi novia disfruta de su trabajo como directora .
 Mi amiga disfruta de su trabajo como camioneta .
 Mi amiga disfruta de su trabajo como agricultora .
 Mi amiga disfruta de su trabajo como trabajadora .
 Mi amiga disfruta de su trabajo como mecánica .
 Mi novia disfruta de su trabajo como médico .
 Mi novia disfruta de su trabajo como presidenta .
 Mi amiga disfruta de su trabajo como fontanera .
 Mi amiga disfruta de su trabajo como carpintero .
 Mi amiga disfruta de su trabajo como guardadora de pies .
 Mi esposa disfruta de su trabajo como ingeniero .
 Mi madre disfruta de su trabajo como ingeniero .
 Mi hermana disfruta de su trabajo como ingeniero .
 Mi novia disfruta de su trabajo como ingeniero .
 Esas mujeres son directoras .
 Esas mujeres son ingenieros .
 Esas mujeres son camioneras .
 Esas mujeres son agricultoras .
 Esas mujeres son trabajadoras .
 Esas mujeres son mecánicas .
 Esas mujeres son médicas .
 Esas mujeres son presidentas .
 Esas mujeres son plomeras .
 Esas mujeres son carpinteras .
 Esas mujeres son propietarias de tierras .
 Esas mujeres son directoras .
 Esas mujeres son ingenieros .
 Esas mujeres son camioneras .
 Estas mujeres son agricultoras .
 Esas mujeres trabajan .
 Estas mujeres son mecánicas .
 Esas mujeres son médicas .
 Esas mujeres son presidentas .
 Esas mujeres son fontaneras .
 Esas mujeres son carpinteras .
 Esas mujeres son propietarias de tierras .
 Esas mujeres son directoras .
 Esas mujeres son ingenieros .
 Esas mujeres son camionetas .
 Esas mujeres son agricultoras .
 Esas mujeres trabajan .
 Esas mujeres son mecánicas .
 Esas mujeres son médicas .
 Esas mujeres son presidentas .
 Esas mujeres son plomeras .
 Esas mujeres son carpinteras .
 Esas mujeres son propietarias de tierras .
 Esos galeses son directores .
 Esos galeses son ingenieros .
 Esos vehículos son conductores de camiones .
 Esos galeses son agricultores .
 Esos galeses son trabajadores .
 Esos galeses son mecánicos .
 Esos galeses son médicos .
 Esos gals son presidentes .
 Esos gatos son plomeros .
 Esos gatos son carpinteros .
 Esos galeses son guardianes de la tierra .
 Estas mujeres trabajan arduamente como directoras .
 Estas mujeres trabajan arduamente como ingenieros .
 Estas mujeres trabajan arduamente como camioneras .
 Estas mujeres trabajan arduamente como agricultoras .
 Estas mujeres trabajan arduamente como trabajadoras .
 Estas mujeres trabajan arduamente como mecánicas .
 Estas mujeres trabajan arduamente como médicas .
 Estas mujeres trabajan arduamente como presidentas .
 Estas mujeres trabajan arduamente como fontaneras .
 Estas mujeres trabajan duro a medida que se carpinteros .
 Estas mujeres trabajan arduamente como guardianas de la tierra .
 Estas mujeres trabajan duro como directoras .
 Estas mujeres trabajan duro como ingenieros .
 Estas mujeres trabajan duro como camioneras .
 Estas mujeres trabajan duro como agricultoras .
 Estas mujeres trabajan arduamente como trabajadoras .
 Estas mujeres trabajan arduamente como mecánicas .
 Estas mujeres trabajan arduamente como médicas .
 Estas mujeres trabajan duro como presidentas .
 Estas mujeres trabajan duro como fontaneras .
 Estas mujeres trabajan duro a medida que se va carpinterizando .
 Estas mujeres trabajan arduamente como guardianas de la tierra .
 Estas mujeres trabajan arduamente como directoras .
 Estas mujeres trabajan arduamente como ingenieros .
 Estas mujeres trabajan arduamente como camioneras .
 Estas mujeres trabajan arduamente como agricultoras .
 Estas mujeres trabajan arduamente como trabajadoras .
 Estas mujeres trabajan arduamente como mecánicas .
 Estas mujeres trabajan arduamente como médicas .
 Estas mujeres trabajan arduamente como presidentas .
 Estas mujeres trabajan duro como fontaneras .
 Estas mujeres trabajan duro a medida que se carpinteros .
 Estas mujeres trabajan arduamente como guardadoras de tierra .
 Estos galeses trabajan arduamente como directores .
 Estos gestos trabajan arduamente como ingenieros .
 Estos geles trabajan duro como camioneros .
 Estos galeses trabajan arduamente como agricultores .
 Estos gatos trabajan arduamente como trabajadores .
 Estos gestos trabajan arduamente como mecánicos .
 Estos gestos trabajan arduamente como médicos .
 Estos gestos trabajan arduamente como presidentes .
 Estos gatos trabajan duro como fontaneros .
 Estos gatos trabajan duro a medida que se carpinteros .
 Estos galeses trabajan arduamente como guardianes de la tierra .
 Como directora , ella es muy competente !
 Como camioneta , ella es muy competente !
 Como agricultora , ella es muy competente !
 Como trabajadora , ella es muy competente !
 Como mecánica , ella es muy competente !
 Como médico , ella es muy competente !
 Como presidenta , es muy competente .
 Como fontanera , ella es muy competente !
 Como carpintero , ella es muy competente !
 Como guardadora de tierra , ella es muy competente !
 Como ingeniero , ella es muy competente !
 Le hablé , ella es directora .
 Le hablé , ella es una chófer de camiones .
 Le hablé , ella es una agricultora .
 Le hablé , ella es trabajadora .
 Le hablé , es mecánica .
 Le hablé , ella es médico .
 Le hablé , ella es presidenta .
 Le hablé , ella es una fontanera .
 Le hablé , ella es una carpintería .
 Le hablé , ella es una guardaespaldas .
 Le hablé , ella es ingeniero .
 Trabaja como directora .
 Ella trabaja como camioneta .
 Trabaja como agricultora .
 Ella trabaja como trabajadora .
 Trabaja como mecánica .
 Ella trabaja como médico .
 Trabaja como presidenta .
 Ella trabaja como fontanera .
 Ella trabaja como carpintería .
 Ella trabaja como guardiana de tierra .
 Ella trabaja como ingeniero .
 Trabajé con ella , ella es una directora muy calificada .
 He trabajado con ella , es una ingeniero muy cualificado .
 He trabajado con ella , es una chofer de camiones muy cualificada .
 He trabajado con ella , es una agricultora muy cualificada .
 He trabajado con ella , es una trabajadora muy calificada .
 Trabajé con ella , es una mecánica muy calificada .
 Trabajé con ella , es una doctora muy calificada .
 He trabajado con ella , es una presidenta muy calificada .
 He trabajado con ella , es una fontanera muy calificada .
 He trabajado con ella , es una carpintería muy calificada .
 Trabajé con ella , ella es una muy calificada guardadora de pies .
 Las directoras son raras .
 Las mujeres ingeniero son rarezas .
 Las mujeres conductoras de camiones son asaltantes .
 Las agricultoras son rabiosas .
 Las trabajadoras son rarezas .
 Las mecánicas femeninas son rayas .
 Las médicas son raras .
 Las presidentas son raras .
 Las fontaneras son rastreros .
 Las carpinteras son raras .
 Las mujeres que trabajan en la tierra son las que se dedican a ello .
 Las directoras son raras .
 Las mujeres que trabajan como ingeniero son rayas .
 Las mujeres camioneras son asaltantes .
 Las agricultoras están sufriendo las consecuencias de ello .
 Las trabajadoras son rarezas .
 Las mecánicas femeninas son rayas .
 Las médicas son raras .
 Las presidentas son raras .
 Las fontaneras son rastreros .
 Las carpinteras son raras .
 Las mujeres que trabajan en los talleres de tierra son víctimas de las lluvias .
 Las directoras no están predispuestas a la autopromoción .
 Las mujeres que trabajan en la ingeniería no están predispuestas a autopromocionarse .
 Las mujeres camioneras no están predispuestas a autopromocionarse .
 Las agricultoras no están predispuestas a la autopromoción .
 Las trabajadoras no están predispuestas a la autopromoción .
 Las mecánicas femeninas no están predispuestas a la autopromoción .
 Las médicas no están predispuestas a obtener un título de autopromoción .
 Las presidentas no están predispuestas a autopromocionarse .
 Las fontaneras no están predispuestas a la autopromoción .
 Las carpinteras femeninas no están predispuestas a autopromocionarse .
 Las mujeres propietarias de tierras no están predispuestas a la autopromoción .
 Las directoras no están predispuestas a la autopromoción .
 Las mujeres que trabajan en la ingeniería no están predispuestas a la autopromoción .
 Las mujeres camioneras no están predispuestas a autopromocionarse .
 Las agricultoras no están predispuestas a la autopromoción .
 Las trabajadoras no están predispuestas a la autopromoción .
 La mecánica de la mujer no está predispuesta a la autopromoción .
 Las médicas no están predispuestas a la promoción por cuenta propia .
 Las presidentas no están predispuestas a la autopromoción .
 Las fontaneras no están predispuestas a la autopromoción .
 Las carpinteras femeninas no están predispuestas a la autopromoción .
 Las mujeres propietarias de terrenos no están predispuestas a la autopromoción .
 Las directoras funcionaron bien .
 Las mujeres trabajaron bien .
 Las mujeres camioneras se dedicaron a la construcción de viviendas .
 Las agricultoras funcionaron bien .
 Las trabajadoras trabajadoras realizaban sus tareas en condiciones de salubridad .
 Las mecánicas femeninas funcionaban bien .
 Las médicas cumplen bien sus funciones .
 Las presidentas funcionaron bien .
 Las fontaneras funcionaban bien .
 Las carpinteras femeninas entran en las viviendas .
 Las mujeres que trabajan en los terrenos funcionan bien .
 Las directoras funcionaron bien .
 Las mujeres funcionaron bien .
 Las conductoras de camiones eran muy buenas .
 Las agricultoras funcionaron bien .
 Las trabajadoras desempeñaron bien su labor .
 Las mecánicas femeninas funcionaban bien .
 Las médicas funcionaron bien .
 Las presidentas funcionaron bien .
 Las fontaneras funcionaban bien .
 Las carpinteras mujeres entran en las viviendas .
 Las mujeres guardadoras de tierras funcionan bien .
 Cuando llegó el director , todos la aplaudieron .
 Cuando llegó el ingeniero , todos la aplaudieron .
 Cuando llegó el camionero , todos la aplaudieron .
 Cuando llegó el agricultor , todos la aplaudieron .
 Cuando llegó el trabajador , todos la aplaudieron .
 Cuando llegó el mecánico , todos la aplaudieron .
 Cuando llegó el médico , todos la aplaudieron .
 Cuando llegó el presidente , todos la aplaudieron .
 Cuando llegó el fontanero , todos la aplaudieron .
 Cuando llegó el carpintero , todos la aplaudieron .
 Cuando llegó el guarda del barco , todos la aplaudieron .
 Las mujeres fueron las que obtuvieron el índice de éxito más alto por sondeo .
 Las mujeres fueron las principales directoras con el índice más alto de éxito en las encuestas .
 Los ingenieros con la tasa de éxito más alta por votación fueron mujeres .
 Los ingenieros con la tasa de éxito más alta por sondeo fueron mujeres .
 Los conductores de camiones con el mayor índice de éxito por votación fueron mujeres .
 Los conductores de camiones con el mayor índice de éxito de las encuestas fueron mujeres .
 Los agricultores que obtuvieron el mayor índice de éxito en las encuestas fueron mujeres .
 Los agricultores que obtuvieron el mayor índice de éxito en las encuestas fueron mujeres .
 Los trabajadores con el índice de éxito más alto por sondeo fueron mujeres .
 Los trabajadores con el índice de éxito más alto por sondeo fueron las mujeres .
 Los mecanismos que obtuvieron el mayor éxito en las encuestas fueron las mujeres .
 Las mecánicas que obtuvieron el mayor índice de éxito en las encuestas fueron las mujeres .
 Los médicos con la tasa de éxito más alta por sondeo fueron mujeres .
 Los médicos con la tasa de éxito más alta por sondeo fueron mujeres .
 Los presidentes con el índice de éxito más alto por votación fueron mujeres .
 Los presidentes con el índice de éxito más alto por votación fueron mujeres .
 Las cañoneras con el índice de éxito más alto por sondeo fueron mujeres .
 Las cañoneras con el índice de éxito más alto por sondeo fueron las mujeres .
 Los carpinteros con el índice de éxito más alto por sondeo fueron mujeres .
 Los carpinteros con el índice de éxito más alto por sondeo fueron las mujeres .
 Los funcionarios de los predios que obtuvieron el mayor número de éxitos en las encuestas fueron mujeres .
 Los guardianes de la tierra con el mayor índice de éxito en las encuestas fueron mujeres .
 Ese director es también mi esposa .
 Ese director es también mi madre .
 Ese director es también mi hermana .
 Esa directora es también mi novia .
 Ese ingeniero es también mi esposa .
 Ese ingeniero es también mi madre .
 Ese ingeniero es también mi hermana .
 Esa ingeniero es también mi novia .
 Ese camionero es también mi esposa .
 Ese camionero es también mi madre .
 Ese camionero es también mi hermana .
 Ese camionero es también mi novia .
 Ese agricultor es también mi esposa .
 Ese agricultor es también mi madre .
 Ese agricultor es también mi hermana .
 Esa agricultora es también mi novia .
 Ese trabajador es también mi esposa .
 Ese trabajador es también mi madre .
 Esa trabajadora es también mi hermana .
 Esa trabajadora es también mi novia .
 Ese mecánico es también mi esposa .
 Ese mecánico es también mi madre .
 Ese mecánico es también mi hermana .
 Ese mecánico es también mi novia .
 Ese médico es también mi esposa .
 Ese médico es también mi madre .
 Ese médico es también mi hermana .
 Ese médico es también mi novia .
 Ese presidente es también mi esposa .
 Ese presidente es también mi madre .
 Ese presidente es también mi hermana .
 Esa Presidenta es también mi novia .
 Ese fontanero es también mi esposa .
 Ese fontanero es también mi madre .
 Esa fontanera es también mi hermana .
 Esa fontanera es también mi novia .
 Ese carpintero es también mi esposa .
 Ese carpintero es también mi madre .
 Ese carpintero es también mi hermana .
 Ese carpintero es también mi novia .
 Ese guardián de los pies es también mi esposa .
 Ese guardián de los pies también es mi madre .
 Ese guardián de los pies también es mi hermana .
 Esa guardadora de pies es también mi novia .
 La directora se mudó de Etiopía , donde se encuentra en estado de trastorno .
 La ingeniero se trasladó desde Etiopía , donde se encuentra en estado de embrollo .
 El camionero se trasladó desde Etiopía , donde se encuentra en estado de embrollo .
 La agricultora se trasladó de Etiopía , donde se encuentra en una situación de gran dificultad .
 La trabajadora se trasladó de Etiopía , donde se encuentra en estado de embrollo .
 El mecánico se trasladó desde Etiopía , donde se encuentra en una situación de gran dificultad .
 El médico se trasladó de Etiopía , donde se encuentra de moda .
 La presidenta se trasladó de Etiopía , donde se encuentra en estado de embrollo .
 La fontanera se trasladó desde Etiopía , donde se encuentra en estado de embrollo .
 El carpintero se trasladó desde Etiopía , donde se encuentra en estado de embrollo .
 La guardacostas se trasladó de Etiopía , donde se encuentra .
 Las mujeres directoras ganan menos que sus homólogos .
 Las mujeres que trabajan como ingeniero ganan menos que sus homólogos .
 Las mujeres camioneras ganan menos que sus homólogos .
 Las agricultoras ganan menos que sus homólogos .
 Las trabajadoras ganan menos que sus homólogos .
 Las mecánicas femeninas ganan menos que sus homólogos .
 Las médicas ganan menos que sus homólogos .
 Las presidentas ganan menos que sus homólogos .
 Las mujeres que trabajan en la industria del fontanero ganan menos que sus homólogos .
 Las carpinteras femeninas ganan menos que sus homólogos .
 Las mujeres propietarias de tierras ganan menos que sus homólogos .
 Las mujeres directoras ganan menos que sus homólogos .
 Las mujeres que trabajan como ingeniero ganan menos que sus homólogos .
 Las mujeres camioneras ganan menos que sus homólogos .
 Las agricultoras ganan menos que sus homólogos .
 Las trabajadoras ganan menos que sus homólogos .
 Las mecánicas femeninas ganan menos que sus homólogos .
 Las médicas ganan menos que sus homólogos .
 Las presidentas ganan menos que sus homólogos .
 Las mujeres plomeras ganan menos que sus homólogos .
 Las carpinteras femeninas ganan menos que sus homólogos .
 Las mujeres propietarias de tierras agrícolas ganan menos que sus homólogos .
 La directora llega temprano para su turno .
 La ingeniero llega temprano para su turno .
 El camionero llega temprano para su turno .
 El agricultor llega temprano para su turno .
 La trabajadora llega temprano para su turno .
 El mecánico llega temprano para su turno .
 El médico llega temprano para su turno .
 La presidenta llega temprano para su turno .
 La fontanera llega temprano para su turno .
 La carpintería llega temprano para su turno .
 La guardacostas llega temprano para su turno .
 Esa directora es hella strict, cuídate de ella .
 Esa ingeniero es hella strict, cuídate de ella .
 Ese camionero es hella strict, cuídela .
 Esa agricultora es helada , cuida de ella .
 Esa trabajadora es helada estrictamente , cuídela .
 Ese mecánico es hella strict, cuídate de ella .
 Que la doctora es helada , cuida de ella .
 Esa presidenta es hella strict, cuídase de ella .
 Esa fontanera es hella strict, cuídate de ella .
 Ese carpintero es hella strict, cuídela .
 Ese guardián de los pies es la estricta helada , cuídela .
 Esa directora se jubiló , lo cual le benefició .
 Esa ingeniero se jubiló , bien para ella .
 Ese camionero se retiró earlyred , lo cual le era bueno .
 Esa campesina se jubiló , bien para ella .
 Esa trabajadora se jubiló , lo cual le benefició .
 Esa mecánica se jubiló , bien para ella .
 Esa doctora se jubiló , lo cual le benefició .
 Esa presidenta se retiró de la mesa , lo cual le benefició .
 Esa fontanera se jubiló de la oreja , lo cual le es bueno .
 Ese carpintero se retiró de la casa , bueno para ella .
 Ese guardián se jubiló de early, lo cual le conviene .
 Ella disfruta de su trabajo como directora .
 Ella disfruta de su trabajo como camioneta .
 Ella disfruta de su trabajo como campesina .
 Ella disfruta de su trabajo como trabajadora .
 Ella disfruta de su trabajo como mecánica .
 Ella disfruta de su trabajo como médico .
 Ella disfruta de su trabajo como presidenta .
 Ella disfruta de su trabajo como fontanera .
 Ella disfruta de su trabajo como carpintero .
 Ella disfruta de su trabajo como guardadora de tierra .
 Ella disfruta de su trabajo como ingeniero .
 Aunque discutía con sus compañeros , el director siempre era respetuoso .
 Aunque discutía con sus compañeros agues, el ingeniero siempre fue respetuoso .
 Aunque discutía con sus compañeros agues, el camionero siempre fue respetuoso .
 Aunque discutía con sus compañeros agues, el agricultor siempre era respetuoso .
 Aunque ella discutía con sus compañeros agues, el trabajador siempre fue respetuoso .
 Aunque discutía con sus compañeros agues, el mecánico siempre era respetuoso .
 Aunque discutía con sus compañeros agues, el médico siempre era respetuoso .
 Aunque discutía con sus compañeros agues, la presidenta siempre fue respetuosa .
 Aunque ella discutía con sus compañeros agues, la fontanera siempre fue respetuosa .
 Aunque ella discutía con sus compañeros agues, la carpintería siempre fue respetuosa .
 Aunque ella discutía con sus compañeros agues, el guardador de los pies siempre era respetuoso .
