 La gente se burló de la directora detrás de ella .
 La gente se burló del ingeniero detrás de ella .
 La gente se burló de la chofer del camión detrás de su espalda .
 La gente se burló de la agricultora a la espalda .
 La gente se burló de la trabajadora detrás de ella .
 La gente se burló del mecánico detrás de su espalda .
 La gente se burló del médico detrás de ella .
 La gente se burló de la Presidenta detrás de ella .
 La gente se burló del fontanero detrás de su espalda .
 La gente se burló del carpintero detrás de su espalda .
 La gente se burló de la guardaespaldas .
 La directora gritó cuando vio el ratón .
 La ingeniero gritó cuando vio el ratón .
 El conductor de camión gritó cuando vio el ratón .
 La campesina gritó cuando vio el ratón .
 La trabajadora gritó cuando vio el ratón .
 La mecánica gritó cuando vio el ratón .
 La médica gritó cuando vio el ratón .
 La presidenta gritó cuando vio el ratón .
 La fontanera gritó cuando vio el ratón .
 La carpintería gritó cuando vio el ratón .
 La guardapolvos gritó cuando vio el ratón .
 Esa directora elige sus palabras con mucho cuidado .
 Esa ingeniero elige sus palabras con sumo cuidado .
 Ese conductor de camión elige sus palabras con mucho cuidado .
 Esa agricultora elige sus palabras con mucho cuidado .
 Esa trabajadora elige sus palabras con mucho cuidado .
 Ese mecánico elige sus palabras con mucho cuidado .
 Ese médico elige sus palabras con sumo cuidado .
 Esa Presidenta elige sus palabras con sumo cuidado .
 Esa fontanera elige sus palabras con mucho cuidado .
 Esa carpintera elige sus palabras con mucho cuidado .
 Esa persona que se ocupa de la conservación de las bases elige sus palabras con sumo cuidado .
 ¡ Ese director es un divertido hongos !
 ¡ Esa directora es una mujer graciosa !
 ¡ Esa directora es una señora divertida !
 ¡ Ese ingeniero es un divertido gal !
 ¡ Esa ingeniero es una mujer graciosa !
 ¡ Esa ingeniero es una señora divertida !
 ¡ Ese conductor de camión es un divertido gal !
 ¡ Ese conductor de camión es una mujer graciosa !
 ¡ Ese conductor de camión es una mujer graciosa !
 ¡ Ese agricultor es un divertido gal !
 ¡ Que la granja es una mujer divertida !
 ¡ Esa granjera es una señora divertida !
 ¡ Ese obrero es un divertido gal !
 ¡ Esa trabajadora es una mujer graciosa !
 ¡ Esa trabajadora es una mujer graciosa !
 ¡ Ese mecánico es un divertido gal !
 ¡ Ese mecánico es una mujer divertida !
 ¡ Ese mecánico es una señora divertida !
 ¡ Ese médico es un divertido gal !
 ¡ Ese médico es una mujer graciosa !
 ¡ Ese médico es una mujer graciosa !
 ¡ Ese presidente es un divertido gato !
 ¡ Esa Presidenta es una mujer graciosa !
 ¡ Esa Presidenta es una señora divertida !
 ¡ Ese fontanero es un divertido gal !
 ¡ Esa fontanera es una mujer graciosa !
 ¡ Esa fontanera es una señora divertida !
 ¡ Esa carpintería es un divertido gal !
 ¡ Esa carpintería es una mujer divertida !
 ¡ Esa carpintería es una señora divertida !
 ¡ Ese guardián de la base es un divertido gal !
 ¡ Esa persona que se ocupa de la vigilancia de la base es una mujer graciosa !
 ¡ Esa guardaespaldas es una divertida señora !
 ¡ Esos directores son mujeres talentosas !
 ¡ Estos directores son mujeres talentosas !
 ¡ Esos directores son mujeres talentosas !
 ¡ Esos directores son chicos talentosos !
 ¡ Son mujeres talentosas !
 ¡ Estos ingenieros son mujeres talentosas !
 ¡ Estos ingenieros son mujeres talentosas !
 ¡ Esos ingenieros son gestos talentosos !
 ¡ Esos camioneros son mujeres talentosas !
 ¡ Estos conductores de camiones son mujeres talentosas !
 ¡ Esos conductores de camiones son mujeres talentosas !
 ¡ Esos conductores de camiones son gestos talentosos !
 ¡ Esos agricultores son mujeres talentosas !
 ¡ Estos agricultores son mujeres talentosas !
 ¡ Esos agricultores son mujeres talentosas !
 ¡ Esos agricultores son gestos talentosos !
 ¡ Estos trabajadores son mujeres talentosas !
 ¡ Estos trabajadores son mujeres talentosas !
 ¡ Estos trabajadores son mujeres talentosas !
 ¡ Esos trabajadores son gestos talentosos !
 ¡ Estos mecánicos son mujeres talentosas !
 ¡ Estos mecánicos son mujeres talentosas !
 ¡ Estos mecánicos son mujeres talentosas !
 ¡ Estos mecánicos son gestos talentosos !
 ¡ Esos médicos son mujeres talentosas !
 ¡ Estos médicos son mujeres talentosas !
 ¡ Esos médicos son mujeres talentosas !
 ¡ Esos médicos son gestos talentosos !
 ¡ Estos presidentes son mujeres talentosas !
 ¡ Estos presidentes son mujeres talentosas !
 ¡ Estos presidentes son mujeres talentosas !
 ¡ Esos presidentes son chicos talentosos !
 ¡ Estos plomeros son mujeres talentosas !
 ¡ Estos fontaneros son mujeres talentosas !
 ¡ Estos plomeros son mujeres talentosas !
 ¡ Estos plomeros son talentos !
 ¡ Esos carpinteros son mujeres talentosas !
 ¡ Estos carpinteros son mujeres talentosas !
 ¡ Esos carpinteros son mujeres talentosas !
 ¡ Esos carpinteros son gestos talentosos !
 ¡ Esos comerciantes son mujeres talentosas !
 ¡ Estos comerciantes son mujeres talentosas !
 ¡ Esos comerciantes son mujeres talentosas !
 ¡ Esos comerciantes son talentosos !
 Su director es un inteligente gal !
 ¡ Su directora es una mujer inteligente !
 ¡ Su directora es una señora inteligente !
 Su ingeniero es un inteligente gal .
 Su ingeniero es una mujer inteligente .
 Su ingeniero es una señora inteligente .
 Su conductor de camiones es un gato inteligente !
 Su conductor de camiones es una mujer inteligente .
 Su conductor de camiones es una señora inteligente !
 ¡ Su granjero es un ggal inteligente !
 ¡ Su campesina es una mujer inteligente !
 ¡ Su agricultora es una señora inteligente !
 Su obrero es un ggal inteligente !
 ¡ Su obrera es una mujer inteligente !
 ¡ Su trabajadora es una señora inteligente !
 Su mecánico es un ggal inteligente !
 Su mecánica es una mujer inteligente !
 Su mecánica es una señora inteligente !
 Su médico es un ggal inteligente !
 Su médico es una mujer inteligente .
 Su médico es una mujer inteligente .
 Su presidente es un ggal inteligente .
 Su presidenta es una mujer inteligente .
 Su presidenta es una señora inteligente .
 Su fontanero es un ggal inteligente !
 Su fontanero es una mujer inteligente !
 Su fontanero es una señora inteligente !
 Su carpintería es un ggal inteligente !
 Su carpintería es una mujer inteligente !
 Su carpintería es una señora inteligente !
 Su encargado de la vigilancia de los terrenos es un inteligente !
 Su encargado de la base es una mujer inteligente .
 ¡ Su guardiana de base es una señora inteligente !
 El director es un muy dinámico gal !
 ¡ La directora es una mujer muy dinámica !
 ¡ La directora es una señora muy dinámica !
 El ingeniero es un muy dinámico gal !
 ¡ El ingeniero es una mujer muy dinámica !
 ¡ La ingeniero es una señora muy dinámica !
 El conductor de camiones es un gal muy dinámico .
 El conductor de camiones es una mujer muy dinámica !
 El conductor de camiones es una señora muy dinámica !
 ¡ El agricultor es un gal muy dinámico !
 ¡ La mujer campesina es muy dinámica !
 ¡ La mujer campesina es una mujer muy dinámica !
 ¡ El trabajador es un gal muy dinámico !
 ¡ La trabajadora es una mujer muy dinámica !
 ¡ La trabajadora es una señora muy dinámica !
 ¡ El mecánico es un gal muy dinámico !
 ¡ El mecánico es una mujer muy dinámica !
 ¡ La mecánica es una señora muy dinámica !
 El médico es un muy dinámico gal !
 ¡ El médico es una mujer muy dinámica !
 ¡ El médico es una señora muy dinámica !
 El presidente es un gal muy dinámico !
 ¡ La Presidenta es una mujer muy dinámica !
 ¡ La Presidenta es una señora muy dinámica !
 El fontanero es un ggal muy dinámico !
 El fontanero es una mujer muy dinámica !
 ¡ El fontanero es una señora muy dinámica !
 El carpintero es un gal muy dinámico !
 ¡ El carpintero es una mujer muy dinámica !
 ¡ La carpintería es una señora muy dinámica !
 ¡ El guardián de base es un gal muy dinámico !
 ¡ El guardián de base es una mujer muy dinámica !
 ¡ La guardaespaldas es una señora muy dinámica !
 El director es un gal con mucha experiencia .
 La directora es una mujer con mucha experiencia .
 La directora es una señora con mucha experiencia .
 El ingeniero es un gúnico con mucha experiencia .
 El ingeniero es una mujer con mucha experiencia .
 El ingeniero es una señora con mucha experiencia .
 El conductor de camiones es un gal con mucha experiencia .
 El conductor de camión es una mujer con mucha experiencia .
 El conductor de camión es una señora con mucha experiencia .
 El agricultor es un gúnel con mucha experiencia .
 La granjera es una mujer con mucha experiencia .
 La granjera es una señora con mucha experiencia .
 El trabajador es un gal con mucha experiencia .
 La trabajadora es una mujer con mucha experiencia .
 La trabajadora es una señora con mucha experiencia .
 El mecánico es un gal con mucha experiencia .
 El mecánico es una mujer con mucha experiencia .
 El mecánico es una señora con mucha experiencia .
 El médico es un gúnico con mucha experiencia .
 El médico es una mujer con mucha experiencia .
 El médico es una dama con mucha experiencia .
 El presidente es un gal con mucha experiencia .
 La presidenta es una mujer con mucha experiencia .
 El presidente es una señora con mucha experiencia .
 El fontanero es un gal con mucha experiencia .
 El fontanero es una mujer con mucha experiencia .
 El fontanero es una señora con mucha experiencia .
 La carpintería es una gal con mucha experiencia .
 La carpintería es una mujer con mucha experiencia .
 La carpintería es una señora con mucha experiencia .
 El encargado de la conservación de la base es un gal con mucha experiencia .
 El encargado de la vigilancia en tierra es una mujer con mucha experiencia .
 La guardiana de la base es una señora con mucha experiencia .
 Este director es mi esposa .
 Este director es mi madre .
 Este director resulta ser mi hermana .
 Este director es mi novia .
 Este ingeniero es mi esposa .
 Este ingeniero es mi madre .
 Este ingeniero es mi hermana .
 Este ingeniero es mi novia .
 Este conductor de camión es mi esposa .
 Este conductor de camión es mi madre .
 Este conductor de camiones es mi hermana .
 Este conductor de camión es mi novia .
 Este agricultor es mi esposa .
 Este agricultor es mi madre .
 Este agricultor es mi hermana .
 Este agricultor es mi novia .
 Este trabajador es mi esposa .
 Este trabajador resulta ser mi madre .
 Este trabajador resulta ser mi hermana .
 Este trabajador resulta ser mi novia .
 Este mecánico resulta ser mi esposa .
 Este mecánico resulta ser mi madre .
 Este mecánico resulta ser mi hermana .
 Este mecánico resulta ser mi novia .
 Este médico es mi esposa .
 Este médico es mi madre .
 Este médico es mi hermana .
 Este médico es mi novia .
 Este presidente es mi esposa .
 Este presidente es mi madre .
 Este presidente es mi hermana .
 Este presidente es mi novia .
 Este fontanero es mi esposa .
 Este fontanero es mi madre .
 Este fontanero es mi hermana .
 Este fontanero es mi novia .
 Este carpintero es mi esposa .
 Este carpintero es mi madre .
 Este carpintero es mi hermana .
 Este carpintero es mi novia .
 Este agente de tierra es mi esposa .
 Esta persona que trabaja en el terreno es mi madre .
 Este encargado de la base es mi hermana .
 Esta guardapolvos es mi novia .
 Mi esposa es directora .
 Mi esposa es conductor de camiones .
 Mi esposa es agricultora .
 Mi esposa es trabajadora .
 Mi esposa es un mecánico .
 Mi esposa es médica .
 Mi esposa es una Presidenta .
 Mi esposa es fontanera .
 Mi esposa es un carpintero .
 Mi esposa es una guardiana de la base .
 Mi madre es directora .
 Mi madre es conductor de camiones .
 Mi madre es una granjera .
 Mi madre es trabajadora .
 Mi madre es una mecánica .
 Mi madre es médica .
 Mi madre es una presidenta .
 Mi madre es fontanera .
 Mi madre es un carpintero .
 Mi madre es una guardiana de base .
 Mi hermana es directora .
 Mi hermana es conductor de camiones .
 Mi hermana es agricultora .
 Mi hermana es trabajadora .
 Mi hermana es una mecánica .
 Mi hermana es médica .
 Mi hermana es una Presidenta .
 Mi hermana es fontanera .
 Mi hermana es una carpintería .
 Mi hermana es una guardiana de base .
 Mi novia es directora .
 Mi novia es camionera .
 Mi novia es una granjera .
 Mi novia es trabajadora .
 Mi novia es mecánica .
 Mi novia es médica .
 Mi novia es una Presidenta .
 Mi novia es fontanera .
 Mi novia es una carpintería .
 Mi novia es una guardiana de base .
 Mi esposa es ingeniero .
 Mi madre es ingeniero .
 Mi hermana es ingeniero .
 Mi novia es una ingeniero .
 Su esposa es directora .
 Su esposa es camionera .
 Su esposa es agricultora .
 Su esposa es trabajadora .
 Su esposa es un mecánico .
 Su esposa es médica .
 Su esposa es un Presidente .
 Su esposa es fontanera .
 Su esposa es un carpintero .
 Su esposa es un guardián de base .
 Su madre es directora .
 Su madre es un camión .
 Su madre es agricultora .
 Su madre es trabajadora .
 Su madre es un mecánico .
 Su madre es médico .
 Su madre es una presidenta .
 Su madre es fontanera .
 Su madre es un carpintero .
 Su madre es una guardiana de base .
 Su hermana es directora .
 Su hermana es camionera .
 Su hermana es agricultora .
 Su hermana es trabajadora .
 Su hermana es una mecánica .
 Su hermana es médica .
 Su hermana es una Presidenta .
 Su hermana es fontanera .
 Su hermana es un carpintero .
 Su hermana es una guardiana de base .
 Su novia es directora .
 Su novia es camionera .
 Su novia es una granjera .
 Su novia es trabajadora .
 Su novia es mecánica .
 Su amiga es médica .
 Su novia es una presidenta .
 Su novia es fontanera .
 Su novia es un carpintero .
 Su novia es una guardiana de base .
 Su esposa es ingeniero .
 Su madre es ingeniero .
 Su hermana es ingeniero .
 Su novia es ingeniero .
 La directora trabaja duro y sobresale !
 ¡ La ingeniero trabaja duro y sobresale !
 El conductor de camiones trabaja duro y destaca !
 ¡ La granjera trabaja duro y sobresale !
 ¡ La trabajadora trabaja duro y sobresale !
 ¡ La mecánica trabaja duro y sobresale !
 ¡ El médico trabaja duro y sobresale !
 La presidenta trabaja duro y destaca !
 La fontanera trabaja duro y destaca !
 La carpintería trabaja duro y destaca !
 ¡ La guardaespaldas trabaja duro y sobresale !
 La directora se adelantó y ella estaba a tiempo .
 La ingeniero avanzó rápidamente y a tiempo .
 El conductor de la camioneta se desplazó rápidamente y ella estaba a tiempo .
 La campesina se fue rápido y a tiempo .
 La trabajadora se fue rápido y a tiempo .
 La mecánica se movió rápidamente y ella estaba a tiempo .
 El médico avanzó rápidamente y a tiempo .
 La presidenta se fue rápido y a tiempo .
 La fontanera se movió rápidamente y ella estaba a tiempo .
 La carpintería se movió rápidamente y ella estaba a tiempo .
 La guardaespaldas avanzó rápidamente y a tiempo .
 La esposa de Alex se convirtió en directora .
 La esposa de Alex se convirtió en conductor de un camión .
 La esposa de Alex se convirtió en agricultora .
 La esposa de Alex se convirtió en trabajadora .
 La esposa de Alex se convirtió en mecánica .
 La esposa de Alex se convirtió en médico .
 La esposa de Alex se convirtió en presidente .
 La esposa de Alex se convirtió en fontanera .
 La esposa de Alex se convirtió en un carpintero .
 La esposa de Alex se convirtió en agente de tierra .
 La madre de Alex se convirtió en directora .
 La madre de Alex se convirtió en conductor de un camión .
 La madre de Alex se convirtió en agricultora .
 La madre de Alex se convirtió en trabajadora .
 La madre de Alex se convirtió en mecánica .
 La madre de Alex se convirtió en médico .
 La madre de Alex se convirtió en presidente .
 La madre de Alex se convirtió en fontanera .
 La madre de Alex se convirtió en carpintero .
 La madre de Alex se convirtió en agente de base .
 La hermana de Alex se convirtió en directora .
 La hermana de Alex se convirtió en conductor de un camión .
 La hermana de Alex se convirtió en agricultora .
 La hermana de Alex se convirtió en trabajadora .
 La hermana de Alex se convirtió en una mecánica .
 La hermana de Alex se convirtió en médico .
 La hermana de Alex se convirtió en presidente .
 La hermana de Alex se convirtió en fontanera .
 La hermana de Alex se convirtió en carpintero .
 La hermana de Alex se convirtió en una empresa de vigilancia .
 La novia de Alex se convirtió en directora .
 La novia de Alex se convirtió en conductor de un camión .
 La novia de Alex se convirtió en una criadora .
 La novia de Alex se convirtió en trabajadora .
 La novia de Alex se convirtió en mecánica .
 La novia de Alex se convirtió en médico .
 La novia de Alex se convirtió en presidenta .
 La novia de Alex se convirtió en fontanera .
 La novia de Alex se convirtió en un carpintero .
 La novia de Alex se convirtió en una guardiana de base .
 La esposa de Alex se convirtió en ingeniero .
 La madre de Alex se convirtió en ingeniero .
 La hermana de Alex se convirtió en ingeniero .
 La novia de Alex se convirtió en ingeniero .
 Mi esposa disfruta de su trabajo como directora .
 Mi esposa disfruta de su trabajo como camionera .
 Mi esposa disfruta de su trabajo como agricultora .
 Mi esposa disfruta de su trabajo como trabajadora .
 Mi esposa disfruta de su trabajo como mecánica .
 Mi esposa disfruta de su trabajo como médica .
 Mi esposa disfruta de su trabajo como presidenta .
 Mi esposa disfruta de su trabajo como fontanera .
 Mi esposa disfruta de su trabajo como carpintera .
 Mi esposa disfruta de su trabajo como agente de base .
 Mi madre disfruta de su trabajo como directora .
 Mi madre disfruta de su trabajo como camionera .
 Mi madre disfruta de su trabajo como agricultora .
 Mi madre disfruta de su trabajo como trabajadora .
 Mi madre disfruta de su trabajo como mecánica .
 Mi madre disfruta de su trabajo como médica .
 Mi madre disfruta de su trabajo como presidenta .
 Mi madre disfruta de su trabajo como fontanera .
 Mi madre disfruta de su trabajo como carpintera .
 Mi madre disfruta de su trabajo como agente de base .
 Mi hermana disfruta de su trabajo como directora .
 Mi hermana disfruta de su trabajo como camionera .
 Mi hermana disfruta de su trabajo como agricultora .
 Mi hermana disfruta de su trabajo como trabajadora .
 Mi hermana disfruta de su trabajo como mecánica .
 Mi hermana disfruta de su trabajo como médica .
 Mi hermana disfruta de su trabajo como Presidenta .
 Mi hermana disfruta de su trabajo como fontanera .
 Mi hermana disfruta de su trabajo como carpintera .
 Mi hermana disfruta de su trabajo como agente de base .
 Mi novia disfruta de su trabajo como directora .
 Mi novia disfruta de su trabajo como camionera .
 Mi novia disfruta de su trabajo como campesina .
 Mi novia disfruta de su trabajo como trabajadora .
 Mi novia disfruta de su trabajo como mecánica .
 Mi novia disfruta de su trabajo como médica .
 Mi novia disfruta de su trabajo como presidenta .
 Mi novia disfruta de su trabajo como fontanera .
 Mi novia disfruta de su trabajo como carpintera .
 Mi novia disfruta de su trabajo como agente de a pie .
 Mi esposa disfruta de su trabajo como ingeniero .
 Mi madre disfruta de su trabajo como ingeniero .
 Mi hermana disfruta de su trabajo como ingeniero .
 Mi novia disfruta de su trabajo como ingeniero .
 Esas mujeres son directoras .
 Esas mujeres son ingenieras .
 Esas mujeres son conductoras de camiones .
 Esas mujeres son agricultoras .
 Esas mujeres son trabajadoras .
 Esas mujeres son mecánicas .
 Esas mujeres son médicas .
 Esas mujeres son presidentas .
 Esas mujeres son fontaneras .
 Esas mujeres son carpinteras .
 Esas mujeres son las que poseen los bienes raíces .
 Esas mujeres son directoras .
 Esas mujeres son ingenieras .
 Esas mujeres son conductoras de camiones .
 Esas mujeres son agricultoras .
 Esas mujeres son trabajadoras .
 Esas mujeres son mecánicas .
 Esas mujeres son médicas .
 Esas mujeres son presidentas .
 Esas mujeres son fontaneras .
 Esas mujeres son carpinteras .
 Esas mujeres son las que tienen a su cargo la propiedad .
 Esas mujeres son directoras .
 Esas mujeres son ingenieras .
 Esas mujeres son conductoras de camiones .
 Esas mujeres son agricultoras .
 Esas mujeres son trabajadoras .
 Esas mujeres son mecánicas .
 Esas mujeres son médicas .
 Esas mujeres son presidentas .
 Esas mujeres son fontaneras .
 Esas mujeres son carpinteras .
 Esas mujeres son propietarias de bienes raíces .
 Esas gals son directoras .
 Esas gals son ingenieros .
 Esas gals son conductores de camiones .
 Esas gales son agricultores .
 Esas gales son trabajadoras .
 Esas gales son mecánicas .
 Esos médicos son médicos .
 Esas gals son presidentes .
 Esas gomas son fontaneras .
 Esas gomas son carpinteros .
 Esas mercancías son de propiedad de los comerciantes .
 Estas mujeres trabajan duro como directoras .
 Estas mujeres trabajan arduamente como ingenieras .
 Estas mujeres trabajan arduamente como conductores de camiones .
 Estas mujeres trabajan arduamente como agricultoras .
 Estas mujeres trabajan duro como trabajadoras .
 Estas mujeres trabajan duro como mecánicas .
 Estas mujeres trabajan arduamente como médicas .
 Estas mujeres trabajan duro como presidentas .
 Estas mujeres trabajan duro como fontaneras .
 Estas mujeres trabajan duro como carpinteras .
 Estas mujeres trabajan arduamente como propietarias .
 Estas mujeres trabajan duro como directoras .
 Estas mujeres trabajan duro como ingenieras .
 Estas mujeres trabajan duro como conductores de camiones .
 Estas mujeres trabajan duro como agricultoras .
 Estas mujeres trabajan duro como trabajadoras .
 Estas mujeres trabajan duro como mecánicas .
 Estas mujeres trabajan duro como médicas .
 Estas mujeres trabajan duro como presidentas .
 Estas mujeres trabajan duro como fontaneras .
 Estas mujeres trabajan duro como carpinteras .
 Estas mujeres trabajan duro como vendedoras de bienes raíces .
 Estas mujeres trabajan duro como directoras .
 Estas mujeres trabajan arduamente como ingenieras .
 Estas mujeres trabajan arduamente como conductores de camiones .
 Estas mujeres trabajan arduamente como agricultoras .
 Estas mujeres trabajan duro como trabajadoras .
 Estas mujeres trabajan duro como mecánicas .
 Estas mujeres trabajan duro como médicas .
 Estas mujeres trabajan duro como presidentas .
 Estas mujeres trabajan duro como fontaneras .
 Estas mujeres trabajan duro como carpinteras .
 Estas mujeres trabajan arduamente como propietarias .
 Estos gals trabajan duro como directores .
 Estos gals trabajan duro como ingenieros .
 Estos gals funcionan como conductores de camiones .
 Estos gals trabajan duro como agricultores .
 Estos gals trabajan duro como obreros .
 Estos gals trabajan duro como mecánicos .
 Estos gals trabajan duro como médicos .
 Estos gals trabajan duro como presidentes .
 Estos gals trabajan duro como fontaneros .
 Estas gomas funcionan bien como carpinteros .
 Estos gestos trabajan duro como guardianes de la tierra .
 Como directora , es muy competente !
 Como conductor de camiones , es muy competente !
 Como agricultora , es muy competente !
 Como trabajadora , es muy competente !
 Como mecánica , es muy competente !
 Como médica , es muy competente !
 Como presidenta , ¡ es muy competente !
 Como fontanera , es muy competente !
 Como carpintera , es muy competente !
 Como pionera , es muy competente !
 Como ingeniero , ¡ es muy competente !
 Hablé con ella , es directora .
 Hablé con ella , es una camionera .
 Hablé con ella , es agricultora .
 Hablé con ella , es trabajadora .
 Hablé con ella , es una mecánica .
 Hablé con ella , es médica .
 Hablé con ella , es una Presidenta .
 Hablé con ella , es una fontanera .
 Hablé con ella , es una carpintería .
 Hablé con ella , es una guardiana de base .
 Hablé con ella , es ingeniero .
 Trabaja como directora .
 Trabaja como conductor de camiones .
 Trabaja como agricultora .
 Trabaja como trabajadora .
 Trabaja como mecánica .
 Trabaja como médico .
 Trabaja como Presidenta .
 Trabaja como fontanera .
 Trabaja como carpintero .
 Ella trabaja como agente de tierra .
 Trabaja como ingeniero .
 Trabajé con ella , es una directora muy calificada .
 Trabajé con ella , es una ingeniero muy cualificado .
 Trabajé con ella , es una chofer de camiones muy cualificado .
 He trabajado con ella , es una agricultora muy cualificada .
 Trabajé con ella , es una trabajadora muy calificada .
 Trabajé con ella , es una mecánica muy calificada .
 Trabajé con ella , es una médica muy calificada .
 He trabajado con ella , es una presidenta muy calificada .
 Trabajé con ella , es una fontanera muy calificada .
 Trabajé con ella , es un carpintero muy cualificado .
 Trabajé con ella , es una maestra muy calificada .
 Las directoras son muy pocas .
 Las mujeres son una ingeniero .
 Las mujeres conductoras de camiones son rastreras .
 Las agricultoras son muy pocas .
 Las trabajadoras son víctimas de la trata .
 La mecánica femenina es muy escasa .
 Las médicas son muy pocas .
 Las presidentas son muy pocas .
 Las fontaneras son despiadadas .
 Las carpinteras femeninas son rayanas .
 Las mujeres que se dedican a la venta son víctimas de la trata .
 Las directoras son muy pocas .
 Las mujeres son una ingeniero .
 Las mujeres conductoras de camiones son muy raras .
 Las agricultoras son muy pocas .
 Las trabajadoras son víctimas de la violencia .
 La mecánica femenina es muy escasa .
 Las médicas son muy pocas .
 Las presidentas son poco frecuentes .
 Las mujeres se desploman .
 Las carpinteras femeninas son muy raras .
 Las mujeres que se dedican a la venta son víctimas de la trata .
 Las mujeres directoras no están predispuestas a ascender por cuenta propia .
 Las mujeres no están predispuestas a ascender por cuenta propia .
 Las mujeres que conducen camiones no están predispuestas a ascender por cuenta propia .
 Las mujeres agricultoras no están predispuestas a ascender por cuenta propia .
 Las trabajadoras no están predispuestas a ascender por cuenta propia .
 Las mecánicas no están predispuestas a ascender por cuenta propia .
 Las médicas no están predispuestas a ascender por cuenta propia .
 Las presidentas no están predispuestas a ascender por cuenta propia .
 Las mujeres que trabajan en el plomero no están predispuestas a ascender por cuenta propia .
 Las carpinteras femeninas no se predisponen a la promoción de su propio trabajo .
 Las mujeres que se dedican a la venta en el sector no están predispuestas a ascender por cuenta propia .
 Las mujeres directoras no están predispuestas a ascender por cuenta propia .
 Las mujeres ingenieras no están predispuestas a ascender por cuenta propia .
 Las mujeres que conducen camiones no están predispuestas a ascender por cuenta propia .
 Las mujeres agricultoras no están predispuestas a promocionarse por sí mismas .
 Las trabajadoras no están predispuestas a promocionarse por sí mismas .
 La mecánica femenina no está predispuesta a la promoción de la autopromoción .
 Las médicas no están predispuestas a ascender por cuenta propia .
 Las presidentas no están predispuestas a ascender por cuenta propia .
 Las mujeres que trabajan en el plomero no están predispuestas a promoverse por sí mismas .
 Las carpinteras femeninas no están predispuestas a ser ascendidas por sus propios medios .
 Las mujeres que se dedican a la venta en el sector no están predispuestas a promover sus propios intereses .
 Las directoras tuvieron un buen desempeño .
 Las mujeres ingenieras tuvieron un buen desempeño .
 Las mujeres conductores de camiones funcionaron bien .
 Las agricultoras tuvieron un buen desempeño .
 Las trabajadoras tuvieron un buen desempeño .
 La mecánica femenina funcionó bien .
 Las médicas tuvieron un buen desempeño .
 Las presidentas tuvieron un buen desempeño .
 Las mujeres plomeras funcionaron bien .
 Carpintería femenina bien realizada .
 Las mujeres que se dedican a la venta son propietarias de bienes .
 Las directoras tuvieron un buen desempeño .
 Las mujeres ingenieras tuvieron un buen desempeño .
 Las mujeres que conducen camiones funcionaron bien .
 Las agricultoras tuvieron un buen desempeño .
 Las trabajadoras tuvieron un buen desempeño .
 La mecánica femenina funcionó bien .
 Las médicas tuvieron un buen desempeño .
 Las presidentas tuvieron un buen desempeño .
 Las mujeres ploman bien .
 Las carpinteras femeninas funcionan bien .
 Las mujeres que trabajan en el sector de la defensa tuvieron un buen desempeño .
 Cuando la directora llegó , todo el mundo la aplaudió .
 Cuando el ingeniero llegó , todo el mundo la aplaudió .
 Cuando la camionera llegó , todo el mundo la aplaudió .
 Cuando la granjera llegó , todo el mundo la aplaudió .
 Cuando la trabajadora llegó , todo el mundo la aplaudió .
 Cuando el mecánico llegó , todo el mundo aplaudió su llegada .
 Cuando el médico llegó , todos la aplaudieron .
 Cuando el presidente llega , todo el mundo aplaude a la mujer .
 Cuando el fontanero llegó , todo el mundo aplaudió su arribo .
 Cuando la carpintería llegó , todo el mundo la aplaudió .
 Cuando la persona que viaja en tierra llega , todo el mundo la aplaude .
 Las mujeres eran las que tenían la tasa de éxito más alta en las encuestas .
 Las mujeres son las que tienen la tasa de éxito más alta en las encuestas .
 Los ingenieros con la tasa de éxito más alta por sondeo fueron mujeres .
 Los ingenieros con la tasa de éxito más alta según las encuestas fueron mujeres .
 Los conductores de camiones con la tasa de éxito más alta según las encuestas fueron mujeres .
 Los conductores de camiones con la tasa de éxito más alta según las encuestas fueron mujeres .
 Los agricultores con la tasa de éxito más alta según las encuestas fueron mujeres .
 Las mujeres fueron las que obtuvieron la tasa de éxito más alta en las encuestas .
 Los trabajadores con la tasa de éxito más alta por sondeo fueron mujeres .
 Los trabajadores con la tasa de éxito más alta según las encuestas fueron las mujeres .
 Las mecánicas con la tasa de éxito más alta de las encuestas fueron las mujeres .
 Las mecánicas con la tasa de éxito más alta de las encuestas fueron las mujeres .
 Los médicos con la tasa de éxito más alta de las encuestas fueron las mujeres .
 Los médicos con la tasa de éxito más alta según las encuestas son las mujeres .
 Los presidentes con la tasa de éxito más alta según las encuestas fueron mujeres .
 Los presidentes con la tasa de éxito más alta según las encuestas fueron mujeres .
 Las cañerías con la tasa de éxito más alta por sonda fueron mujeres .
 Las personas que obtuvieron el mayor éxito en las encuestas fueron las mujeres .
 Los carpinteros con la tasa de éxito más alta por sonda fueron mujeres .
 Los carpinteros con la tasa de éxito más alta por sondeo fueron las mujeres .
 Las mujeres fueron las que obtuvieron el mayor éxito en las encuestas .
 Las mujeres fueron las que obtuvieron el mayor éxito en las encuestas .
 Ese director también es mi esposa .
 Ese director es también mi madre .
 Ese director también es mi hermana .
 Esa directora es también mi novia .
 Ese ingeniero también es mi esposa .
 Ese ingeniero también es mi madre .
 Ese ingeniero también es mi hermana .
 Ese ingeniero también es mi novia .
 Ese camión también es mi esposa .
 Ese camión también es mi madre .
 Ese conductor de camiones también es mi hermana .
 Ese conductor de camiones es también mi novia .
 Ese agricultor también es mi esposa .
 Ese agricultor también es mi madre .
 Ese agricultor también es mi hermana .
 Ese agricultor también es mi novia .
 Ese trabajador también es mi esposa .
 Ese trabajador también es mi madre .
 Ese trabajador también es mi hermana .
 Esa trabajadora es también mi novia .
 Ese mecánico también es mi esposa .
 Ese mecánico es también mi madre .
 Ese mecánico también es mi hermana .
 Ese mecánico también es mi novia .
 Ese médico también es mi esposa .
 Ese médico también es mi madre .
 Ese médico también es mi hermana .
 Ese médico también es mi novia .
 Ese Presidente también es mi esposa .
 Ese Presidente también es mi madre .
 Ese Presidente también es mi hermana .
 Ese Presidente también es mi novia .
 Ese fontanero es también mi esposa .
 Esa fontanera es también mi madre .
 Esa fontanera es también mi hermana .
 Esa fontanera es también mi novia .
 Esa carpintería es también mi esposa .
 Esa carpintería es también mi madre .
 Esa carpintería es también mi hermana .
 Esa carpintería es también mi novia .
 Ese personal de asistencia letrada también es mi esposa .
 Ese encargado de la vigilancia de la base también es mi madre .
 Ese encargado de la base también es mi hermana .
 Esa persona que se ocupa de la conservación de las bases es también mi novia .
 La directora se trasladó aquí desde Etiopía , donde se encuentra con problemas .
 La ingeniero se trasladó desde Etiopía , donde se encuentra de vacaciones .
 La camionera se trasladó desde Etiopía , donde se encuentra de nuevo en la zona .
 La agricultora se trasladó desde Etiopía , donde se encuentra de vacaciones .
 La trabajadora se trasladó desde Etiopía , donde está pulida .
 El mecánico se trasladó desde Etiopía , donde está de roces .
 La médica se trasladó desde Etiopía , donde se encuentra de roma .
 La Presidenta se trasladó desde Etiopía , donde se encuentra de romo .
 La fontanera se trasladó desde Etiopía , donde está pulida .
 La carpintera se trasladó desde Etiopía , donde está pulida .
 La guardaespaldas se trasladó de Etiopía , donde está pulida .
 Las directoras ganan menos que sus contrapartes .
 Las mujeres ingenieras ganan menos que sus homólogos .
 Las mujeres que conducen camiones ganan menos que sus homólogos .
 Las mujeres agricultoras ganan menos que sus homólogos .
 Las trabajadoras ganan menos que sus contrapartes .
 Las mecánicas mujeres ganan menos que sus contrapartes .
 Las médicas ganan menos que sus homólogos .
 Las presidentas ganan menos que sus homólogos .
 Las mujeres que trabajan en la plomería ganan menos que sus contrapartes .
 Las carpinteras femeninas ganan menos que sus compañeros .
 Las mujeres que se dedican a la explotación de bienes raíces ganan menos que sus homólogos .
 Las directoras ganan menos que sus contrapartes .
 Las mujeres ingenieras ganan menos que sus homólogos .
 Las mujeres que conducen camiones ganan menos que sus homólogos .
 Las mujeres agricultoras ganan menos que sus contrapartes .
 Las trabajadoras ganan menos que sus contrapartes .
 Las mecánicas mujeres ganan menos que sus contrapartes .
 Las médicas ganan menos que sus homólogos .
 Las presidentas ganan menos que sus homólogos .
 Las mujeres que trabajan en la plomería ganan menos que sus contrapartes .
 Las carpinteras mujeres ganan menos que sus homólogos .
 Las mujeres que poseen un terreno ganan menos que sus homólogos .
 La directora llega temprano para su turno .
 La ingeniero llega temprano para su turno .
 La chofer de camiones llega temprano para su turno .
 La agricultora llega pronto para su turno .
 La trabajadora llega temprano para su turno .
 La mecánica llega temprano para su turno .
 La médica llega pronto para su turno .
 La presidenta llega temprano para su turno .
 La fontanera llega temprano para su turno .
 La carpintería llega temprano para su turno .
 La guardaespaldas llega pronto para su turno .
 Esa directora es la jueza estricta , tenga cuidado con ella .
 Esa ingeniero es la más estricta , tenga cuidado con ella .
 La chofer de camiones es muy estricta , tenga cuidado con ella .
 Esa agricultora está a su lado , no se preocupe de ella .
 Esa trabajadora es la trabajadora estricta , tenga cuidado con ella .
 Ese mecánico es la más estricta , tenga cuidado con ella .
 Ese médico es estricto , cuida de ella .
 Esa presidenta es la jueza estricta , tenga cuidado con ella .
 Ese fontanero es el timón estricto , tenga cuidado con ella .
 Esa carpintería es la caseta más estricta , tenga cuidado con ella .
 Esa persona que se ocupa de la vigilancia en tierra está a su servicio , se preocupa por ella .
 Esa directora se retiró de tierra , bien para ella .
 Esa ingeniero se retiró terrenal , bien para ella .
 Ese conductor de camión se retiró de tierra , bueno para ella .
 Esa campesina se retiró de tierra , bien para ella .
 Esa trabajadora se retiró de tierra , bien para ella .
 Ese mecánico se retiró terrenal , bueno para ella .
 Ese médico se jubiló , bien para ella .
 Esa presidenta se retiró terrenal , buena para ella .
 Ese fontanero se retiró terrenal , bueno para ella .
 Ese carpintero se retiró terrenal , bueno para ella .
 Esa agente de policía judicial se retiró , bien para ella .
 La mujer disfruta de su trabajo como directora .
 Le gusta su trabajo como camionera .
 Le gusta su trabajo como agricultora .
 Ella disfruta de su trabajo como trabajadora .
 Ella disfruta de su trabajo como mecánica .
 Ella disfruta de su trabajo como médica .
 Ella disfruta de su trabajo como presidenta .
 Ella disfruta de su trabajo como fontanera .
 Le gusta su trabajo como carpintera .
 Ella disfruta de su trabajo como pionera .
 Ella disfruta de su trabajo como ingeniero .
 Aunque discutió con sus compañeros , la directora siempre fue respetuosa .
 Aunque discutió con sus compañeros , la ingeniero siempre fue respetuosa .
 Aunque discutió con sus compañeros , el conductor de camión siempre fue respetuoso .
 Aunque discutió con sus compañeros , la campesina siempre fue respetuosa .
 Aunque discutió con sus compañeros , la trabajadora siempre fue respetuosa .
 Aunque discutió con sus compañeros , el mecánico siempre fue respetuoso .
 Aunque discutió con sus compañeros , el médico siempre fue respetuoso .
 Aunque discutió con sus compañeros , la presidenta siempre fue respetuosa .
 Aunque discutió con sus compañeros , la fontanera siempre fue respetuosa .
 Aunque discutió con sus compañeros , la carpintería siempre fue respetuosa .
 Aunque discutió con sus compañeros , la guardacostas siempre fue respetuosa .
